{"/Users/marcodamm/Desktop/Stats_SocialMedia/src/App.tsx": {"path":"/Users/marcodamm/Desktop/Stats_SocialMedia/src/App.tsx","statementMap":{"0":{"start":{"line":14,"column":22},"end":{"line":82,"column":1}},"1":{"start":{"line":15,"column":36},"end":{"line":15,"column":107}},"2":{"start":{"line":18,"column":2},"end":{"line":81,"column":4}},"3":{"start":{"line":31,"column":12},"end":{"line":44,"column":28}},"4":{"start":{"line":35,"column":29},"end":{"line":35,"column":56}}},"fnMap":{"0":{"name":"(anonymous_0)","decl":{"start":{"line":14,"column":22},"end":{"line":14,"column":23}},"loc":{"start":{"line":14,"column":28},"end":{"line":82,"column":1}},"line":14},"1":{"name":"(anonymous_1)","decl":{"start":{"line":30,"column":16},"end":{"line":30,"column":17}},"loc":{"start":{"line":31,"column":12},"end":{"line":44,"column":28}},"line":31},"2":{"name":"(anonymous_2)","decl":{"start":{"line":35,"column":23},"end":{"line":35,"column":24}},"loc":{"start":{"line":35,"column":29},"end":{"line":35,"column":56}},"line":35}},"branchMap":{"0":{"loc":{"start":{"line":37,"column":16},"end":{"line":39,"column":71}},"type":"cond-expr","locations":[{"start":{"line":38,"column":20},"end":{"line":38,"column":57}},{"start":{"line":39,"column":20},"end":{"line":39,"column":71}}],"line":37},"1":{"loc":{"start":{"line":56,"column":11},"end":{"line":65,"column":11}},"type":"binary-expr","locations":[{"start":{"line":56,"column":11},"end":{"line":56,"column":35}},{"start":{"line":57,"column":12},"end":{"line":64,"column":15}}],"line":56},"2":{"loc":{"start":{"line":67,"column":11},"end":{"line":69,"column":11}},"type":"binary-expr","locations":[{"start":{"line":67,"column":11},"end":{"line":67,"column":34}},{"start":{"line":68,"column":12},"end":{"line":68,"column":28}}],"line":67},"3":{"loc":{"start":{"line":71,"column":11},"end":{"line":73,"column":11}},"type":"binary-expr","locations":[{"start":{"line":71,"column":11},"end":{"line":71,"column":36}},{"start":{"line":72,"column":12},"end":{"line":72,"column":30}}],"line":71},"4":{"loc":{"start":{"line":75,"column":11},"end":{"line":77,"column":11}},"type":"binary-expr","locations":[{"start":{"line":75,"column":11},"end":{"line":75,"column":35}},{"start":{"line":76,"column":12},"end":{"line":76,"column":24}}],"line":75}},"s":{"0":1,"1":0,"2":0,"3":0,"4":0},"f":{"0":0,"1":0,"2":0},"b":{"0":[0,0],"1":[0,0],"2":[0,0],"3":[0,0],"4":[0,0]},"_coverageSchema":"1a1c01bbd47fc00a2c39e90264f33305004495a9","hash":"41868abbf4ef996e29ed077efbed1fc4ceec36a6"}
,"/Users/marcodamm/Desktop/Stats_SocialMedia/src/index.tsx": {"path":"/Users/marcodamm/Desktop/Stats_SocialMedia/src/index.tsx","statementMap":{"0":{"start":{"line":6,"column":13},"end":{"line":8,"column":1}},"1":{"start":{"line":9,"column":0},"end":{"line":13,"column":2}}},"fnMap":{},"branchMap":{},"s":{"0":0,"1":0},"f":{},"b":{}}
,"/Users/marcodamm/Desktop/Stats_SocialMedia/src/components/AudienceChart.tsx": {"path":"/Users/marcodamm/Desktop/Stats_SocialMedia/src/components/AudienceChart.tsx","statementMap":{"0":{"start":{"line":6,"column":32},"end":{"line":129,"column":1}},"1":{"start":{"line":7,"column":26},"end":{"line":11,"column":4}},"2":{"start":{"line":13,"column":2},"end":{"line":24,"column":9}},"3":{"start":{"line":14,"column":21},"end":{"line":21,"column":5}},"4":{"start":{"line":15,"column":6},"end":{"line":20,"column":7}},"5":{"start":{"line":16,"column":29},"end":{"line":16,"column":68}},"6":{"start":{"line":17,"column":8},"end":{"line":17,"column":43}},"7":{"start":{"line":19,"column":8},"end":{"line":19,"column":61}},"8":{"start":{"line":23,"column":4},"end":{"line":23,"column":15}},"9":{"start":{"line":26,"column":16},"end":{"line":26,"column":63}},"10":{"start":{"line":26,"column":43},"end":{"line":26,"column":59}},"11":{"start":{"line":28,"column":24},"end":{"line":41,"column":3}},"12":{"start":{"line":29,"column":4},"end":{"line":39,"column":5}},"13":{"start":{"line":30,"column":19},"end":{"line":30,"column":37}},"14":{"start":{"line":31,"column":25},"end":{"line":31,"column":64}},"15":{"start":{"line":32,"column":6},"end":{"line":38,"column":8}},"16":{"start":{"line":40,"column":4},"end":{"line":40,"column":16}},"17":{"start":{"line":43,"column":2},"end":{"line":128,"column":4}},"18":{"start":{"line":74,"column":18},"end":{"line":74,"column":67}},"19":{"start":{"line":84,"column":31},"end":{"line":84,"column":70}},"20":{"start":{"line":85,"column":12},"end":{"line":108,"column":14}}},"fnMap":{"0":{"name":"(anonymous_0)","decl":{"start":{"line":6,"column":32},"end":{"line":6,"column":33}},"loc":{"start":{"line":6,"column":38},"end":{"line":129,"column":1}},"line":6},"1":{"name":"(anonymous_1)","decl":{"start":{"line":13,"column":12},"end":{"line":13,"column":13}},"loc":{"start":{"line":13,"column":18},"end":{"line":24,"column":3}},"line":13},"2":{"name":"(anonymous_2)","decl":{"start":{"line":14,"column":21},"end":{"line":14,"column":22}},"loc":{"start":{"line":14,"column":33},"end":{"line":21,"column":5}},"line":14},"3":{"name":"(anonymous_3)","decl":{"start":{"line":26,"column":28},"end":{"line":26,"column":29}},"loc":{"start":{"line":26,"column":43},"end":{"line":26,"column":59}},"line":26},"4":{"name":"(anonymous_4)","decl":{"start":{"line":28,"column":24},"end":{"line":28,"column":25}},"loc":{"start":{"line":28,"column":54},"end":{"line":41,"column":3}},"line":28},"5":{"name":"(anonymous_5)","decl":{"start":{"line":73,"column":26},"end":{"line":73,"column":27}},"loc":{"start":{"line":74,"column":18},"end":{"line":74,"column":67}},"line":74},"6":{"name":"(anonymous_6)","decl":{"start":{"line":83,"column":20},"end":{"line":83,"column":21}},"loc":{"start":{"line":83,"column":37},"end":{"line":109,"column":11}},"line":83}},"branchMap":{"0":{"loc":{"start":{"line":29,"column":4},"end":{"line":39,"column":5}},"type":"if","locations":[{"start":{"line":29,"column":4},"end":{"line":39,"column":5}},{"start":{},"end":{}}],"line":29},"1":{"loc":{"start":{"line":29,"column":8},"end":{"line":29,"column":43}},"type":"binary-expr","locations":[{"start":{"line":29,"column":8},"end":{"line":29,"column":14}},{"start":{"line":29,"column":18},"end":{"line":29,"column":25}},{"start":{"line":29,"column":29},"end":{"line":29,"column":43}}],"line":29}},"s":{"0":1,"1":0,"2":0,"3":0,"4":0,"5":0,"6":0,"7":0,"8":0,"9":0,"10":0,"11":0,"12":0,"13":0,"14":0,"15":0,"16":0,"17":0,"18":0,"19":0,"20":0},"f":{"0":0,"1":0,"2":0,"3":0,"4":0,"5":0,"6":0},"b":{"0":[0,0],"1":[0,0,0]},"_coverageSchema":"1a1c01bbd47fc00a2c39e90264f33305004495a9","hash":"64209bf0cef6de1efe05116f6013af01a61e574e"}
,"/Users/marcodamm/Desktop/Stats_SocialMedia/src/components/ChartFilters.tsx": {"path":"/Users/marcodamm/Desktop/Stats_SocialMedia/src/components/ChartFilters.tsx","statementMap":{"0":{"start":{"line":18,"column":50},"end":{"line":91,"column":1}},"1":{"start":{"line":25,"column":18},"end":{"line":31,"column":3}},"2":{"start":{"line":33,"column":2},"end":{"line":90,"column":4}},"3":{"start":{"line":38,"column":10},"end":{"line":51,"column":26}},"4":{"start":{"line":42,"column":27},"end":{"line":42,"column":69}},"5":{"start":{"line":71,"column":33},"end":{"line":71,"column":100}},"6":{"start":{"line":82,"column":33},"end":{"line":82,"column":102}}},"fnMap":{"0":{"name":"(anonymous_0)","decl":{"start":{"line":18,"column":50},"end":{"line":18,"column":51}},"loc":{"start":{"line":24,"column":6},"end":{"line":91,"column":1}},"line":24},"1":{"name":"(anonymous_1)","decl":{"start":{"line":37,"column":21},"end":{"line":37,"column":22}},"loc":{"start":{"line":38,"column":10},"end":{"line":51,"column":26}},"line":38},"2":{"name":"(anonymous_2)","decl":{"start":{"line":42,"column":21},"end":{"line":42,"column":22}},"loc":{"start":{"line":42,"column":27},"end":{"line":42,"column":69}},"line":42},"3":{"name":"(anonymous_3)","decl":{"start":{"line":71,"column":26},"end":{"line":71,"column":27}},"loc":{"start":{"line":71,"column":33},"end":{"line":71,"column":100}},"line":71},"4":{"name":"(anonymous_4)","decl":{"start":{"line":82,"column":26},"end":{"line":82,"column":27}},"loc":{"start":{"line":82,"column":33},"end":{"line":82,"column":102}},"line":82}},"branchMap":{"0":{"loc":{"start":{"line":21,"column":2},"end":{"line":21,"column":23}},"type":"default-arg","locations":[{"start":{"line":21,"column":18},"end":{"line":21,"column":23}}],"line":21},"1":{"loc":{"start":{"line":44,"column":14},"end":{"line":46,"column":69}},"type":"cond-expr","locations":[{"start":{"line":45,"column":18},"end":{"line":45,"column":55}},{"start":{"line":46,"column":18},"end":{"line":46,"column":69}}],"line":44},"2":{"loc":{"start":{"line":56,"column":7},"end":{"line":88,"column":7}},"type":"binary-expr","locations":[{"start":{"line":56,"column":7},"end":{"line":56,"column":20}},{"start":{"line":57,"column":8},"end":{"line":87,"column":21}}],"line":56},"3":{"loc":{"start":{"line":70,"column":23},"end":{"line":70,"column":55}},"type":"binary-expr","locations":[{"start":{"line":70,"column":23},"end":{"line":70,"column":49}},{"start":{"line":70,"column":53},"end":{"line":70,"column":55}}],"line":70},"4":{"loc":{"start":{"line":71,"column":69},"end":{"line":71,"column":99}},"type":"binary-expr","locations":[{"start":{"line":71,"column":69},"end":{"line":71,"column":93}},{"start":{"line":71,"column":97},"end":{"line":71,"column":99}}],"line":71},"5":{"loc":{"start":{"line":81,"column":23},"end":{"line":81,"column":53}},"type":"binary-expr","locations":[{"start":{"line":81,"column":23},"end":{"line":81,"column":47}},{"start":{"line":81,"column":51},"end":{"line":81,"column":53}}],"line":81},"6":{"loc":{"start":{"line":82,"column":53},"end":{"line":82,"column":85}},"type":"binary-expr","locations":[{"start":{"line":82,"column":53},"end":{"line":82,"column":79}},{"start":{"line":82,"column":83},"end":{"line":82,"column":85}}],"line":82}},"s":{"0":1,"1":0,"2":0,"3":0,"4":0,"5":0,"6":0},"f":{"0":0,"1":0,"2":0,"3":0,"4":0},"b":{"0":[0],"1":[0,0],"2":[0,0],"3":[0,0],"4":[0,0],"5":[0,0],"6":[0,0]},"_coverageSchema":"1a1c01bbd47fc00a2c39e90264f33305004495a9","hash":"65ac55c43924ee4fb17b3acf85ab7cbc1d3147ff"}
,"/Users/marcodamm/Desktop/Stats_SocialMedia/src/components/DataCollectionStatus.tsx": {"path":"/Users/marcodamm/Desktop/Stats_SocialMedia/src/components/DataCollectionStatus.tsx","statementMap":{"0":{"start":{"line":6,"column":39},"end":{"line":133,"column":1}},"1":{"start":{"line":7,"column":46},"end":{"line":7,"column":83}},"2":{"start":{"line":8,"column":42},"end":{"line":8,"column":57}},"3":{"start":{"line":9,"column":46},"end":{"line":9,"column":75}},"4":{"start":{"line":11,"column":2},"end":{"line":13,"column":9}},"5":{"start":{"line":12,"column":4},"end":{"line":12,"column":15}},"6":{"start":{"line":15,"column":19},"end":{"line":21,"column":3}},"7":{"start":{"line":16,"column":17},"end":{"line":16,"column":58}},"8":{"start":{"line":17,"column":4},"end":{"line":17,"column":28}},"9":{"start":{"line":19,"column":31},"end":{"line":19,"column":79}},"10":{"start":{"line":20,"column":4},"end":{"line":20,"column":42}},"11":{"start":{"line":23,"column":33},"end":{"line":33,"column":3}},"12":{"start":{"line":24,"column":4},"end":{"line":24,"column":26}},"13":{"start":{"line":25,"column":4},"end":{"line":32,"column":5}},"14":{"start":{"line":26,"column":6},"end":{"line":26,"column":53}},"15":{"start":{"line":27,"column":6},"end":{"line":27,"column":17}},"16":{"start":{"line":29,"column":6},"end":{"line":29,"column":53}},"17":{"start":{"line":31,"column":6},"end":{"line":31,"column":29}},"18":{"start":{"line":35,"column":29},"end":{"line":35,"column":71}},"19":{"start":{"line":36,"column":26},"end":{"line":36,"column":64}},"20":{"start":{"line":38,"column":2},"end":{"line":132,"column":4}}},"fnMap":{"0":{"name":"(anonymous_0)","decl":{"start":{"line":6,"column":39},"end":{"line":6,"column":40}},"loc":{"start":{"line":6,"column":45},"end":{"line":133,"column":1}},"line":6},"1":{"name":"(anonymous_1)","decl":{"start":{"line":11,"column":12},"end":{"line":11,"column":13}},"loc":{"start":{"line":11,"column":18},"end":{"line":13,"column":3}},"line":11},"2":{"name":"(anonymous_2)","decl":{"start":{"line":15,"column":19},"end":{"line":15,"column":20}},"loc":{"start":{"line":15,"column":25},"end":{"line":21,"column":3}},"line":15},"3":{"name":"(anonymous_3)","decl":{"start":{"line":23,"column":33},"end":{"line":23,"column":34}},"loc":{"start":{"line":23,"column":45},"end":{"line":33,"column":3}},"line":23}},"branchMap":{"0":{"loc":{"start":{"line":36,"column":26},"end":{"line":36,"column":64}},"type":"binary-expr","locations":[{"start":{"line":36,"column":26},"end":{"line":36,"column":59}},{"start":{"line":36,"column":63},"end":{"line":36,"column":64}}],"line":36},"1":{"loc":{"start":{"line":54,"column":43},"end":{"line":54,"column":77}},"type":"cond-expr","locations":[{"start":{"line":54,"column":58},"end":{"line":54,"column":72}},{"start":{"line":54,"column":75},"end":{"line":54,"column":77}}],"line":54},"2":{"loc":{"start":{"line":55,"column":17},"end":{"line":55,"column":63}},"type":"cond-expr","locations":[{"start":{"line":55,"column":32},"end":{"line":55,"column":47}},{"start":{"line":55,"column":50},"end":{"line":55,"column":63}}],"line":55},"3":{"loc":{"start":{"line":75,"column":13},"end":{"line":75,"column":85}},"type":"cond-expr","locations":[{"start":{"line":75,"column":30},"end":{"line":75,"column":75}},{"start":{"line":75,"column":78},"end":{"line":75,"column":85}}],"line":75},"4":{"loc":{"start":{"line":78,"column":13},"end":{"line":78,"column":80}},"type":"cond-expr","locations":[{"start":{"line":78,"column":34},"end":{"line":78,"column":52}},{"start":{"line":78,"column":55},"end":{"line":78,"column":80}}],"line":78},"5":{"loc":{"start":{"line":88,"column":13},"end":{"line":88,"column":56}},"type":"cond-expr","locations":[{"start":{"line":88,"column":34},"end":{"line":88,"column":41}},{"start":{"line":88,"column":44},"end":{"line":88,"column":56}}],"line":88},"6":{"loc":{"start":{"line":91,"column":13},"end":{"line":91,"column":89}},"type":"cond-expr","locations":[{"start":{"line":91,"column":34},"end":{"line":91,"column":61}},{"start":{"line":91,"column":64},"end":{"line":91,"column":89}}],"line":91},"7":{"loc":{"start":{"line":96,"column":7},"end":{"line":112,"column":7}},"type":"binary-expr","locations":[{"start":{"line":96,"column":7},"end":{"line":96,"column":28}},{"start":{"line":97,"column":8},"end":{"line":111,"column":21}}],"line":96},"8":{"loc":{"start":{"line":114,"column":7},"end":{"line":130,"column":7}},"type":"binary-expr","locations":[{"start":{"line":114,"column":7},"end":{"line":114,"column":26}},{"start":{"line":115,"column":8},"end":{"line":129,"column":21}}],"line":114}},"s":{"0":1,"1":0,"2":0,"3":0,"4":0,"5":0,"6":0,"7":0,"8":0,"9":0,"10":0,"11":0,"12":0,"13":0,"14":0,"15":0,"16":0,"17":0,"18":0,"19":0,"20":0},"f":{"0":0,"1":0,"2":0,"3":0},"b":{"0":[0,0],"1":[0,0],"2":[0,0],"3":[0,0],"4":[0,0],"5":[0,0],"6":[0,0],"7":[0,0],"8":[0,0]},"_coverageSchema":"1a1c01bbd47fc00a2c39e90264f33305004495a9","hash":"123898f7d1e14cfd64a0242f5c8fdb79169bf65a"}
,"/Users/marcodamm/Desktop/Stats_SocialMedia/src/components/EngagementChart.tsx": {"path":"/Users/marcodamm/Desktop/Stats_SocialMedia/src/components/EngagementChart.tsx","statementMap":{"0":{"start":{"line":8,"column":34},"end":{"line":143,"column":1}},"1":{"start":{"line":9,"column":26},"end":{"line":16,"column":4}},"2":{"start":{"line":17,"column":46},"end":{"line":17,"column":72}},"3":{"start":{"line":18,"column":42},"end":{"line":18,"column":57}},"4":{"start":{"line":20,"column":2},"end":{"line":34,"column":9}},"5":{"start":{"line":21,"column":21},"end":{"line":31,"column":5}},"6":{"start":{"line":22,"column":6},"end":{"line":30,"column":7}},"7":{"start":{"line":23,"column":29},"end":{"line":23,"column":68}},"8":{"start":{"line":24,"column":8},"end":{"line":24,"column":45}},"9":{"start":{"line":26,"column":34},"end":{"line":26,"column":119}},"10":{"start":{"line":27,"column":8},"end":{"line":27,"column":43}},"11":{"start":{"line":29,"column":8},"end":{"line":29,"column":63}},"12":{"start":{"line":33,"column":4},"end":{"line":33,"column":15}},"13":{"start":{"line":36,"column":2},"end":{"line":40,"column":37}},"14":{"start":{"line":38,"column":25},"end":{"line":38,"column":80}},"15":{"start":{"line":39,"column":4},"end":{"line":39,"column":26}},"16":{"start":{"line":42,"column":2},"end":{"line":142,"column":4}}},"fnMap":{"0":{"name":"(anonymous_0)","decl":{"start":{"line":8,"column":34},"end":{"line":8,"column":35}},"loc":{"start":{"line":8,"column":40},"end":{"line":143,"column":1}},"line":8},"1":{"name":"(anonymous_1)","decl":{"start":{"line":20,"column":12},"end":{"line":20,"column":13}},"loc":{"start":{"line":20,"column":18},"end":{"line":34,"column":3}},"line":20},"2":{"name":"(anonymous_2)","decl":{"start":{"line":21,"column":21},"end":{"line":21,"column":22}},"loc":{"start":{"line":21,"column":33},"end":{"line":31,"column":5}},"line":21},"3":{"name":"(anonymous_3)","decl":{"start":{"line":36,"column":12},"end":{"line":36,"column":13}},"loc":{"start":{"line":36,"column":18},"end":{"line":40,"column":3}},"line":36}},"branchMap":{"0":{"loc":{"start":{"line":26,"column":34},"end":{"line":26,"column":119}},"type":"binary-expr","locations":[{"start":{"line":26,"column":34},"end":{"line":26,"column":110}},{"start":{"line":26,"column":114},"end":{"line":26,"column":119}}],"line":26}},"s":{"0":1,"1":0,"2":0,"3":0,"4":0,"5":0,"6":0,"7":0,"8":0,"9":0,"10":0,"11":0,"12":0,"13":0,"14":0,"15":0,"16":0},"f":{"0":0,"1":0,"2":0,"3":0},"b":{"0":[0,0]},"_coverageSchema":"1a1c01bbd47fc00a2c39e90264f33305004495a9","hash":"12ba640ddfd4e86bfd691905b0c1400062e94e8e"}
,"/Users/marcodamm/Desktop/Stats_SocialMedia/src/components/GrowthChart.tsx": {"path":"/Users/marcodamm/Desktop/Stats_SocialMedia/src/components/GrowthChart.tsx","statementMap":{"0":{"start":{"line":8,"column":30},"end":{"line":135,"column":1}},"1":{"start":{"line":9,"column":26},"end":{"line":16,"column":4}},"2":{"start":{"line":17,"column":46},"end":{"line":17,"column":72}},"3":{"start":{"line":18,"column":42},"end":{"line":18,"column":57}},"4":{"start":{"line":20,"column":2},"end":{"line":34,"column":9}},"5":{"start":{"line":21,"column":21},"end":{"line":31,"column":5}},"6":{"start":{"line":22,"column":6},"end":{"line":30,"column":7}},"7":{"start":{"line":23,"column":29},"end":{"line":23,"column":68}},"8":{"start":{"line":24,"column":8},"end":{"line":24,"column":41}},"9":{"start":{"line":26,"column":35},"end":{"line":26,"column":112}},"10":{"start":{"line":27,"column":8},"end":{"line":27,"column":44}},"11":{"start":{"line":29,"column":8},"end":{"line":29,"column":59}},"12":{"start":{"line":33,"column":4},"end":{"line":33,"column":15}},"13":{"start":{"line":36,"column":2},"end":{"line":40,"column":37}},"14":{"start":{"line":38,"column":25},"end":{"line":38,"column":80}},"15":{"start":{"line":39,"column":4},"end":{"line":39,"column":26}},"16":{"start":{"line":42,"column":2},"end":{"line":134,"column":4}}},"fnMap":{"0":{"name":"(anonymous_0)","decl":{"start":{"line":8,"column":30},"end":{"line":8,"column":31}},"loc":{"start":{"line":8,"column":36},"end":{"line":135,"column":1}},"line":8},"1":{"name":"(anonymous_1)","decl":{"start":{"line":20,"column":12},"end":{"line":20,"column":13}},"loc":{"start":{"line":20,"column":18},"end":{"line":34,"column":3}},"line":20},"2":{"name":"(anonymous_2)","decl":{"start":{"line":21,"column":21},"end":{"line":21,"column":22}},"loc":{"start":{"line":21,"column":33},"end":{"line":31,"column":5}},"line":21},"3":{"name":"(anonymous_3)","decl":{"start":{"line":36,"column":12},"end":{"line":36,"column":13}},"loc":{"start":{"line":36,"column":18},"end":{"line":40,"column":3}},"line":36}},"branchMap":{"0":{"loc":{"start":{"line":26,"column":35},"end":{"line":26,"column":112}},"type":"binary-expr","locations":[{"start":{"line":26,"column":35},"end":{"line":26,"column":103}},{"start":{"line":26,"column":107},"end":{"line":26,"column":112}}],"line":26}},"s":{"0":1,"1":0,"2":0,"3":0,"4":0,"5":0,"6":0,"7":0,"8":0,"9":0,"10":0,"11":0,"12":0,"13":0,"14":0,"15":0,"16":0},"f":{"0":0,"1":0,"2":0,"3":0},"b":{"0":[0,0]},"_coverageSchema":"1a1c01bbd47fc00a2c39e90264f33305004495a9","hash":"bbb7ef642dbba4b5d76819dbb538a274cd5ab8a1"}
,"/Users/marcodamm/Desktop/Stats_SocialMedia/src/components/Header.tsx": {"path":"/Users/marcodamm/Desktop/Stats_SocialMedia/src/components/Header.tsx","statementMap":{"0":{"start":{"line":5,"column":25},"end":{"line":40,"column":1}},"1":{"start":{"line":6,"column":2},"end":{"line":39,"column":4}}},"fnMap":{"0":{"name":"(anonymous_0)","decl":{"start":{"line":5,"column":25},"end":{"line":5,"column":26}},"loc":{"start":{"line":5,"column":31},"end":{"line":40,"column":1}},"line":5}},"branchMap":{},"s":{"0":1,"1":0},"f":{"0":0},"b":{},"_coverageSchema":"1a1c01bbd47fc00a2c39e90264f33305004495a9","hash":"0bebe53639bdaa8e2460d5690e2b31e27aed8a7a"}
,"/Users/marcodamm/Desktop/Stats_SocialMedia/src/components/InstagramConfigComponent.tsx": {"path":"/Users/marcodamm/Desktop/Stats_SocialMedia/src/components/InstagramConfigComponent.tsx","statementMap":{"0":{"start":{"line":11,"column":74},"end":{"line":268,"column":1}},"1":{"start":{"line":12,"column":30},"end":{"line":19,"column":4}},"2":{"start":{"line":20,"column":40},"end":{"line":20,"column":55}},"3":{"start":{"line":21,"column":40},"end":{"line":21,"column":55}},"4":{"start":{"line":22,"column":32},"end":{"line":22,"column":47}},"5":{"start":{"line":24,"column":2},"end":{"line":28,"column":9}},"6":{"start":{"line":25,"column":24},"end":{"line":25,"column":52}},"7":{"start":{"line":26,"column":4},"end":{"line":26,"column":27}},"8":{"start":{"line":27,"column":4},"end":{"line":27,"column":55}},"9":{"start":{"line":32,"column":28},"end":{"line":57,"column":3}},"10":{"start":{"line":33,"column":4},"end":{"line":33,"column":21}},"11":{"start":{"line":37,"column":4},"end":{"line":56,"column":13}},"12":{"start":{"line":39,"column":25},"end":{"line":44,"column":7}},"13":{"start":{"line":46,"column":6},"end":{"line":46,"column":48}},"14":{"start":{"line":47,"column":6},"end":{"line":47,"column":28}},"15":{"start":{"line":48,"column":6},"end":{"line":48,"column":27}},"16":{"start":{"line":49,"column":6},"end":{"line":49,"column":24}},"17":{"start":{"line":52,"column":6},"end":{"line":52,"column":27}},"18":{"start":{"line":53,"column":6},"end":{"line":53,"column":52}},"19":{"start":{"line":53,"column":23},"end":{"line":53,"column":44}},"20":{"start":{"line":55,"column":6},"end":{"line":55,"column":59}},"21":{"start":{"line":61,"column":27},"end":{"line":72,"column":3}},"22":{"start":{"line":62,"column":4},"end":{"line":62,"column":30}},"23":{"start":{"line":63,"column":4},"end":{"line":70,"column":7}},"24":{"start":{"line":71,"column":4},"end":{"line":71,"column":26}},"25":{"start":{"line":74,"column":30},"end":{"line":113,"column":3}},"26":{"start":{"line":75,"column":4},"end":{"line":75,"column":21}},"27":{"start":{"line":76,"column":4},"end":{"line":112,"column":5}},"28":{"start":{"line":77,"column":6},"end":{"line":77,"column":89}},"29":{"start":{"line":79,"column":22},"end":{"line":79,"column":70}},"30":{"start":{"line":80,"column":6},"end":{"line":92,"column":7}},"31":{"start":{"line":81,"column":30},"end":{"line":81,"column":58}},"32":{"start":{"line":82,"column":8},"end":{"line":82,"column":33}},"33":{"start":{"line":83,"column":8},"end":{"line":83,"column":29}},"34":{"start":{"line":86,"column":8},"end":{"line":86,"column":29}},"35":{"start":{"line":87,"column":8},"end":{"line":87,"column":54}},"36":{"start":{"line":87,"column":25},"end":{"line":87,"column":46}},"37":{"start":{"line":89,"column":8},"end":{"line":89,"column":57}},"38":{"start":{"line":91,"column":8},"end":{"line":91,"column":95}},"39":{"start":{"line":94,"column":6},"end":{"line":94,"column":52}},"40":{"start":{"line":97,"column":6},"end":{"line":109,"column":7}},"41":{"start":{"line":98,"column":8},"end":{"line":106,"column":9}},"42":{"start":{"line":99,"column":10},"end":{"line":99,"column":76}},"43":{"start":{"line":100,"column":15},"end":{"line":106,"column":9}},"44":{"start":{"line":101,"column":10},"end":{"line":101,"column":85}},"45":{"start":{"line":102,"column":15},"end":{"line":106,"column":9}},"46":{"start":{"line":103,"column":10},"end":{"line":103,"column":79}},"47":{"start":{"line":105,"column":10},"end":{"line":105,"column":64}},"48":{"start":{"line":108,"column":8},"end":{"line":108,"column":63}},"49":{"start":{"line":111,"column":6},"end":{"line":111,"column":24}},"50":{"start":{"line":116,"column":2},"end":{"line":126,"column":9}},"51":{"start":{"line":117,"column":22},"end":{"line":117,"column":65}},"52":{"start":{"line":118,"column":17},"end":{"line":118,"column":38}},"53":{"start":{"line":119,"column":18},"end":{"line":119,"column":40}},"54":{"start":{"line":121,"column":4},"end":{"line":125,"column":5}},"55":{"start":{"line":122,"column":6},"end":{"line":122,"column":32}},"56":{"start":{"line":124,"column":6},"end":{"line":124,"column":80}},"57":{"start":{"line":128,"column":2},"end":{"line":267,"column":4}},"58":{"start":{"line":216,"column":31},"end":{"line":216,"column":101}},"59":{"start":{"line":253,"column":27},"end":{"line":253,"column":73}}},"fnMap":{"0":{"name":"(anonymous_0)","decl":{"start":{"line":11,"column":74},"end":{"line":11,"column":75}},"loc":{"start":{"line":11,"column":98},"end":{"line":268,"column":1}},"line":11},"1":{"name":"(anonymous_1)","decl":{"start":{"line":24,"column":12},"end":{"line":24,"column":13}},"loc":{"start":{"line":24,"column":18},"end":{"line":28,"column":3}},"line":24},"2":{"name":"(anonymous_2)","decl":{"start":{"line":32,"column":28},"end":{"line":32,"column":29}},"loc":{"start":{"line":32,"column":34},"end":{"line":57,"column":3}},"line":32},"3":{"name":"(anonymous_3)","decl":{"start":{"line":37,"column":15},"end":{"line":37,"column":16}},"loc":{"start":{"line":37,"column":21},"end":{"line":56,"column":5}},"line":37},"4":{"name":"(anonymous_4)","decl":{"start":{"line":53,"column":17},"end":{"line":53,"column":18}},"loc":{"start":{"line":53,"column":23},"end":{"line":53,"column":44}},"line":53},"5":{"name":"(anonymous_5)","decl":{"start":{"line":61,"column":27},"end":{"line":61,"column":28}},"loc":{"start":{"line":61,"column":33},"end":{"line":72,"column":3}},"line":61},"6":{"name":"(anonymous_6)","decl":{"start":{"line":74,"column":30},"end":{"line":74,"column":31}},"loc":{"start":{"line":74,"column":54},"end":{"line":113,"column":3}},"line":74},"7":{"name":"(anonymous_7)","decl":{"start":{"line":87,"column":19},"end":{"line":87,"column":20}},"loc":{"start":{"line":87,"column":25},"end":{"line":87,"column":46}},"line":87},"8":{"name":"(anonymous_8)","decl":{"start":{"line":116,"column":12},"end":{"line":116,"column":13}},"loc":{"start":{"line":116,"column":18},"end":{"line":126,"column":3}},"line":116},"9":{"name":"(anonymous_9)","decl":{"start":{"line":216,"column":25},"end":{"line":216,"column":26}},"loc":{"start":{"line":216,"column":31},"end":{"line":216,"column":101}},"line":216},"10":{"name":"(anonymous_10)","decl":{"start":{"line":253,"column":21},"end":{"line":253,"column":22}},"loc":{"start":{"line":253,"column":27},"end":{"line":253,"column":73}},"line":253}},"branchMap":{"0":{"loc":{"start":{"line":80,"column":6},"end":{"line":92,"column":7}},"type":"if","locations":[{"start":{"line":80,"column":6},"end":{"line":92,"column":7}},{"start":{"line":90,"column":13},"end":{"line":92,"column":7}}],"line":80},"1":{"loc":{"start":{"line":97,"column":6},"end":{"line":109,"column":7}},"type":"if","locations":[{"start":{"line":97,"column":6},"end":{"line":109,"column":7}},{"start":{"line":107,"column":13},"end":{"line":109,"column":7}}],"line":97},"2":{"loc":{"start":{"line":98,"column":8},"end":{"line":106,"column":9}},"type":"if","locations":[{"start":{"line":98,"column":8},"end":{"line":106,"column":9}},{"start":{"line":100,"column":15},"end":{"line":106,"column":9}}],"line":98},"3":{"loc":{"start":{"line":100,"column":15},"end":{"line":106,"column":9}},"type":"if","locations":[{"start":{"line":100,"column":15},"end":{"line":106,"column":9}},{"start":{"line":102,"column":15},"end":{"line":106,"column":9}}],"line":100},"4":{"loc":{"start":{"line":102,"column":15},"end":{"line":106,"column":9}},"type":"if","locations":[{"start":{"line":102,"column":15},"end":{"line":106,"column":9}},{"start":{"line":104,"column":15},"end":{"line":106,"column":9}}],"line":102},"5":{"loc":{"start":{"line":121,"column":4},"end":{"line":125,"column":5}},"type":"if","locations":[{"start":{"line":121,"column":4},"end":{"line":125,"column":5}},{"start":{},"end":{}}],"line":121},"6":{"loc":{"start":{"line":121,"column":8},"end":{"line":121,"column":21}},"type":"binary-expr","locations":[{"start":{"line":121,"column":8},"end":{"line":121,"column":12}},{"start":{"line":121,"column":16},"end":{"line":121,"column":21}}],"line":121},"7":{"loc":{"start":{"line":131,"column":7},"end":{"line":142,"column":7}},"type":"binary-expr","locations":[{"start":{"line":131,"column":7},"end":{"line":131,"column":18}},{"start":{"line":132,"column":8},"end":{"line":141,"column":21}}],"line":131},"8":{"loc":{"start":{"line":162,"column":13},"end":{"line":174,"column":13}},"type":"cond-expr","locations":[{"start":{"line":163,"column":14},"end":{"line":166,"column":17}},{"start":{"line":168,"column":14},"end":{"line":173,"column":17}}],"line":162},"9":{"loc":{"start":{"line":199,"column":7},"end":{"line":230,"column":7}},"type":"binary-expr","locations":[{"start":{"line":199,"column":7},"end":{"line":199,"column":18}},{"start":{"line":200,"column":8},"end":{"line":229,"column":14}}],"line":199},"10":{"loc":{"start":{"line":207,"column":19},"end":{"line":207,"column":81}},"type":"cond-expr","locations":[{"start":{"line":207,"column":37},"end":{"line":207,"column":58}},{"start":{"line":207,"column":61},"end":{"line":207,"column":81}}],"line":207},"11":{"loc":{"start":{"line":233,"column":7},"end":{"line":247,"column":7}},"type":"binary-expr","locations":[{"start":{"line":233,"column":7},"end":{"line":233,"column":19}},{"start":{"line":234,"column":8},"end":{"line":246,"column":14}}],"line":233},"12":{"loc":{"start":{"line":250,"column":7},"end":{"line":265,"column":7}},"type":"binary-expr","locations":[{"start":{"line":250,"column":7},"end":{"line":250,"column":18}},{"start":{"line":251,"column":8},"end":{"line":264,"column":14}}],"line":250}},"s":{"0":1,"1":0,"2":0,"3":0,"4":0,"5":0,"6":0,"7":0,"8":0,"9":0,"10":0,"11":0,"12":0,"13":0,"14":0,"15":0,"16":0,"17":0,"18":0,"19":0,"20":0,"21":0,"22":0,"23":0,"24":0,"25":0,"26":0,"27":0,"28":0,"29":0,"30":0,"31":0,"32":0,"33":0,"34":0,"35":0,"36":0,"37":0,"38":0,"39":0,"40":0,"41":0,"42":0,"43":0,"44":0,"45":0,"46":0,"47":0,"48":0,"49":0,"50":0,"51":0,"52":0,"53":0,"54":0,"55":0,"56":0,"57":0,"58":0,"59":0},"f":{"0":0,"1":0,"2":0,"3":0,"4":0,"5":0,"6":0,"7":0,"8":0,"9":0,"10":0},"b":{"0":[0,0],"1":[0,0],"2":[0,0],"3":[0,0],"4":[0,0],"5":[0,0],"6":[0,0],"7":[0,0],"8":[0,0],"9":[0,0],"10":[0,0],"11":[0,0],"12":[0,0]},"_coverageSchema":"1a1c01bbd47fc00a2c39e90264f33305004495a9","hash":"20f8f0c374154e7f4833471a2c18fba5bea4caa5"}
,"/Users/marcodamm/Desktop/Stats_SocialMedia/src/components/InstagramStats.tsx": {"path":"/Users/marcodamm/Desktop/Stats_SocialMedia/src/components/InstagramStats.tsx","statementMap":{"0":{"start":{"line":9,"column":33},"end":{"line":337,"column":1}},"1":{"start":{"line":10,"column":36},"end":{"line":10,"column":77}},"2":{"start":{"line":11,"column":32},"end":{"line":11,"column":46}},"3":{"start":{"line":12,"column":28},"end":{"line":12,"column":57}},"4":{"start":{"line":13,"column":46},"end":{"line":13,"column":73}},"5":{"start":{"line":14,"column":60},"end":{"line":14,"column":79}},"6":{"start":{"line":15,"column":62},"end":{"line":15,"column":81}},"7":{"start":{"line":17,"column":2},"end":{"line":19,"column":9}},"8":{"start":{"line":18,"column":4},"end":{"line":18,"column":24}},"9":{"start":{"line":22,"column":2},"end":{"line":38,"column":34}},"10":{"start":{"line":23,"column":4},"end":{"line":37,"column":5}},"11":{"start":{"line":24,"column":28},"end":{"line":28,"column":7}},"12":{"start":{"line":29,"column":29},"end":{"line":34,"column":7}},"13":{"start":{"line":35,"column":6},"end":{"line":35,"column":46}},"14":{"start":{"line":36,"column":6},"end":{"line":36,"column":48}},"15":{"start":{"line":40,"column":28},"end":{"line":52,"column":3}},"16":{"start":{"line":41,"column":4},"end":{"line":51,"column":5}},"17":{"start":{"line":42,"column":6},"end":{"line":42,"column":23}},"18":{"start":{"line":43,"column":6},"end":{"line":43,"column":21}},"19":{"start":{"line":44,"column":19},"end":{"line":44,"column":56}},"20":{"start":{"line":45,"column":6},"end":{"line":45,"column":25}},"21":{"start":{"line":47,"column":6},"end":{"line":47,"column":79}},"22":{"start":{"line":48,"column":6},"end":{"line":48,"column":58}},"23":{"start":{"line":50,"column":6},"end":{"line":50,"column":24}},"24":{"start":{"line":54,"column":23},"end":{"line":61,"column":3}},"25":{"start":{"line":55,"column":4},"end":{"line":59,"column":5}},"26":{"start":{"line":56,"column":6},"end":{"line":56,"column":46}},"27":{"start":{"line":57,"column":11},"end":{"line":59,"column":5}},"28":{"start":{"line":58,"column":6},"end":{"line":58,"column":43}},"29":{"start":{"line":60,"column":4},"end":{"line":60,"column":26}},"30":{"start":{"line":63,"column":21},"end":{"line":69,"column":3}},"31":{"start":{"line":64,"column":4},"end":{"line":68,"column":7}},"32":{"start":{"line":71,"column":27},"end":{"line":80,"column":3}},"33":{"start":{"line":72,"column":4},"end":{"line":79,"column":5}},"34":{"start":{"line":74,"column":8},"end":{"line":74,"column":45}},"35":{"start":{"line":76,"column":8},"end":{"line":76,"column":45}},"36":{"start":{"line":78,"column":8},"end":{"line":78,"column":45}},"37":{"start":{"line":82,"column":2},"end":{"line":95,"column":3}},"38":{"start":{"line":83,"column":4},"end":{"line":94,"column":6}},"39":{"start":{"line":97,"column":2},"end":{"line":113,"column":3}},"40":{"start":{"line":98,"column":4},"end":{"line":112,"column":6}},"41":{"start":{"line":115,"column":2},"end":{"line":117,"column":3}},"42":{"start":{"line":116,"column":4},"end":{"line":116,"column":16}},"43":{"start":{"line":119,"column":33},"end":{"line":119,"column":42}},"44":{"start":{"line":121,"column":2},"end":{"line":336,"column":4}},"45":{"start":{"line":297,"column":12},"end":{"line":331,"column":25}},"46":{"start":{"line":325,"column":31},"end":{"line":325,"column":68}}},"fnMap":{"0":{"name":"(anonymous_0)","decl":{"start":{"line":9,"column":33},"end":{"line":9,"column":34}},"loc":{"start":{"line":9,"column":39},"end":{"line":337,"column":1}},"line":9},"1":{"name":"(anonymous_1)","decl":{"start":{"line":17,"column":12},"end":{"line":17,"column":13}},"loc":{"start":{"line":17,"column":18},"end":{"line":19,"column":3}},"line":17},"2":{"name":"(anonymous_2)","decl":{"start":{"line":22,"column":12},"end":{"line":22,"column":13}},"loc":{"start":{"line":22,"column":18},"end":{"line":38,"column":3}},"line":22},"3":{"name":"(anonymous_3)","decl":{"start":{"line":40,"column":28},"end":{"line":40,"column":29}},"loc":{"start":{"line":40,"column":40},"end":{"line":52,"column":3}},"line":40},"4":{"name":"(anonymous_4)","decl":{"start":{"line":54,"column":23},"end":{"line":54,"column":24}},"loc":{"start":{"line":54,"column":48},"end":{"line":61,"column":3}},"line":54},"5":{"name":"(anonymous_5)","decl":{"start":{"line":63,"column":21},"end":{"line":63,"column":22}},"loc":{"start":{"line":63,"column":53},"end":{"line":69,"column":3}},"line":63},"6":{"name":"(anonymous_6)","decl":{"start":{"line":71,"column":27},"end":{"line":71,"column":28}},"loc":{"start":{"line":71,"column":50},"end":{"line":80,"column":3}},"line":71},"7":{"name":"(anonymous_7)","decl":{"start":{"line":296,"column":27},"end":{"line":296,"column":28}},"loc":{"start":{"line":297,"column":12},"end":{"line":331,"column":25}},"line":297},"8":{"name":"(anonymous_8)","decl":{"start":{"line":325,"column":25},"end":{"line":325,"column":26}},"loc":{"start":{"line":325,"column":31},"end":{"line":325,"column":68}},"line":325}},"branchMap":{"0":{"loc":{"start":{"line":23,"column":4},"end":{"line":37,"column":5}},"type":"if","locations":[{"start":{"line":23,"column":4},"end":{"line":37,"column":5}},{"start":{},"end":{}}],"line":23},"1":{"loc":{"start":{"line":55,"column":4},"end":{"line":59,"column":5}},"type":"if","locations":[{"start":{"line":55,"column":4},"end":{"line":59,"column":5}},{"start":{"line":57,"column":11},"end":{"line":59,"column":5}}],"line":55},"2":{"loc":{"start":{"line":57,"column":11},"end":{"line":59,"column":5}},"type":"if","locations":[{"start":{"line":57,"column":11},"end":{"line":59,"column":5}},{"start":{},"end":{}}],"line":57},"3":{"loc":{"start":{"line":72,"column":4},"end":{"line":79,"column":5}},"type":"switch","locations":[{"start":{"line":73,"column":6},"end":{"line":74,"column":45}},{"start":{"line":75,"column":6},"end":{"line":76,"column":45}},{"start":{"line":77,"column":6},"end":{"line":78,"column":45}}],"line":72},"4":{"loc":{"start":{"line":82,"column":2},"end":{"line":95,"column":3}},"type":"if","locations":[{"start":{"line":82,"column":2},"end":{"line":95,"column":3}},{"start":{},"end":{}}],"line":82},"5":{"loc":{"start":{"line":97,"column":2},"end":{"line":113,"column":3}},"type":"if","locations":[{"start":{"line":97,"column":2},"end":{"line":113,"column":3}},{"start":{},"end":{}}],"line":97},"6":{"loc":{"start":{"line":115,"column":2},"end":{"line":117,"column":3}},"type":"if","locations":[{"start":{"line":115,"column":2},"end":{"line":117,"column":3}},{"start":{},"end":{}}],"line":115},"7":{"loc":{"start":{"line":124,"column":7},"end":{"line":142,"column":7}},"type":"binary-expr","locations":[{"start":{"line":124,"column":7},"end":{"line":124,"column":42}},{"start":{"line":125,"column":8},"end":{"line":141,"column":21}}],"line":124},"8":{"loc":{"start":{"line":153,"column":43},"end":{"line":153,"column":95}},"type":"cond-expr","locations":[{"start":{"line":153,"column":65},"end":{"line":153,"column":81}},{"start":{"line":153,"column":84},"end":{"line":153,"column":95}}],"line":153},"9":{"loc":{"start":{"line":161,"column":47},"end":{"line":161,"column":76}},"type":"cond-expr","locations":[{"start":{"line":161,"column":57},"end":{"line":161,"column":71}},{"start":{"line":161,"column":74},"end":{"line":161,"column":76}}],"line":161},"10":{"loc":{"start":{"line":308,"column":72},"end":{"line":308,"column":100}},"type":"binary-expr","locations":[{"start":{"line":308,"column":72},"end":{"line":308,"column":84}},{"start":{"line":308,"column":88},"end":{"line":308,"column":100}}],"line":308}},"s":{"0":1,"1":0,"2":0,"3":0,"4":0,"5":0,"6":0,"7":0,"8":0,"9":0,"10":0,"11":0,"12":0,"13":0,"14":0,"15":0,"16":0,"17":0,"18":0,"19":0,"20":0,"21":0,"22":0,"23":0,"24":0,"25":0,"26":0,"27":0,"28":0,"29":0,"30":0,"31":0,"32":0,"33":0,"34":0,"35":0,"36":0,"37":0,"38":0,"39":0,"40":0,"41":0,"42":0,"43":0,"44":0,"45":0,"46":0},"f":{"0":0,"1":0,"2":0,"3":0,"4":0,"5":0,"6":0,"7":0,"8":0},"b":{"0":[0,0],"1":[0,0],"2":[0,0],"3":[0,0,0],"4":[0,0],"5":[0,0],"6":[0,0],"7":[0,0],"8":[0,0],"9":[0,0],"10":[0,0]},"_coverageSchema":"1a1c01bbd47fc00a2c39e90264f33305004495a9","hash":"289f3109fa91579848634f61d57877c12502e97a"}
,"/Users/marcodamm/Desktop/Stats_SocialMedia/src/components/PlatformStats.tsx": {"path":"/Users/marcodamm/Desktop/Stats_SocialMedia/src/components/PlatformStats.tsx","statementMap":{"0":{"start":{"line":12,"column":52},"end":{"line":166,"column":1}},"1":{"start":{"line":13,"column":46},"end":{"line":13,"column":72}},"2":{"start":{"line":14,"column":52},"end":{"line":14,"column":71}},"3":{"start":{"line":16,"column":23},"end":{"line":68,"column":3}},"4":{"start":{"line":70,"column":15},"end":{"line":70,"column":37}},"5":{"start":{"line":73,"column":2},"end":{"line":78,"column":49}},"6":{"start":{"line":74,"column":25},"end":{"line":75,"column":64}},"7":{"start":{"line":76,"column":25},"end":{"line":76,"column":95}},"8":{"start":{"line":77,"column":4},"end":{"line":77,"column":39}},"9":{"start":{"line":80,"column":2},"end":{"line":165,"column":4}},"10":{"start":{"line":97,"column":10},"end":{"line":116,"column":23}}},"fnMap":{"0":{"name":"(anonymous_0)","decl":{"start":{"line":12,"column":52},"end":{"line":12,"column":53}},"loc":{"start":{"line":12,"column":70},"end":{"line":166,"column":1}},"line":12},"1":{"name":"(anonymous_1)","decl":{"start":{"line":73,"column":12},"end":{"line":73,"column":13}},"loc":{"start":{"line":73,"column":18},"end":{"line":78,"column":3}},"line":73},"2":{"name":"(anonymous_2)","decl":{"start":{"line":96,"column":24},"end":{"line":96,"column":25}},"loc":{"start":{"line":97,"column":10},"end":{"line":116,"column":23}},"line":97}},"branchMap":{"0":{"loc":{"start":{"line":74,"column":25},"end":{"line":75,"column":64}},"type":"cond-expr","locations":[{"start":{"line":74,"column":50},"end":{"line":74,"column":55}},{"start":{"line":75,"column":24},"end":{"line":75,"column":64}}],"line":74},"1":{"loc":{"start":{"line":75,"column":24},"end":{"line":75,"column":64}},"type":"cond-expr","locations":[{"start":{"line":75,"column":51},"end":{"line":75,"column":56}},{"start":{"line":75,"column":59},"end":{"line":75,"column":64}}],"line":75},"2":{"loc":{"start":{"line":108,"column":58},"end":{"line":108,"column":121}},"type":"cond-expr","locations":[{"start":{"line":108,"column":88},"end":{"line":108,"column":104}},{"start":{"line":108,"column":107},"end":{"line":108,"column":121}}],"line":108}},"s":{"0":0,"1":0,"2":0,"3":0,"4":0,"5":0,"6":0,"7":0,"8":0,"9":0,"10":0},"f":{"0":0,"1":0,"2":0},"b":{"0":[0,0],"1":[0,0],"2":[0,0]}}
,"/Users/marcodamm/Desktop/Stats_SocialMedia/src/components/Settings.tsx": {"path":"/Users/marcodamm/Desktop/Stats_SocialMedia/src/components/Settings.tsx","statementMap":{"0":{"start":{"line":11,"column":27},"end":{"line":241,"column":1}},"1":{"start":{"line":12,"column":36},"end":{"line":12,"column":68}},"2":{"start":{"line":14,"column":15},"end":{"line":20,"column":3}},"3":{"start":{"line":22,"column":27},"end":{"line":202,"column":3}},"4":{"start":{"line":23,"column":4},"end":{"line":201,"column":5}},"5":{"start":{"line":25,"column":8},"end":{"line":45,"column":10}},"6":{"start":{"line":42,"column":15},"end":{"line":42,"column":62}},"7":{"start":{"line":48,"column":8},"end":{"line":68,"column":10}},"8":{"start":{"line":65,"column":14},"end":{"line":65,"column":63}},"9":{"start":{"line":71,"column":8},"end":{"line":135,"column":10}},"10":{"start":{"line":138,"column":8},"end":{"line":166,"column":10}},"11":{"start":{"line":169,"column":8},"end":{"line":197,"column":10}},"12":{"start":{"line":200,"column":8},"end":{"line":200,"column":20}},"13":{"start":{"line":204,"column":2},"end":{"line":240,"column":4}},"14":{"start":{"line":219,"column":12},"end":{"line":230,"column":21}},"15":{"start":{"line":221,"column":29},"end":{"line":221,"column":64}}},"fnMap":{"0":{"name":"(anonymous_0)","decl":{"start":{"line":11,"column":27},"end":{"line":11,"column":28}},"loc":{"start":{"line":11,"column":33},"end":{"line":241,"column":1}},"line":11},"1":{"name":"(anonymous_1)","decl":{"start":{"line":22,"column":27},"end":{"line":22,"column":28}},"loc":{"start":{"line":22,"column":33},"end":{"line":202,"column":3}},"line":22},"2":{"name":"(anonymous_2)","decl":{"start":{"line":40,"column":56},"end":{"line":40,"column":57}},"loc":{"start":{"line":40,"column":68},"end":{"line":43,"column":14}},"line":40},"3":{"name":"(anonymous_3)","decl":{"start":{"line":63,"column":54},"end":{"line":63,"column":55}},"loc":{"start":{"line":63,"column":87},"end":{"line":66,"column":13}},"line":63},"4":{"name":"(anonymous_4)","decl":{"start":{"line":218,"column":20},"end":{"line":218,"column":21}},"loc":{"start":{"line":219,"column":12},"end":{"line":230,"column":21}},"line":219},"5":{"name":"(anonymous_5)","decl":{"start":{"line":221,"column":23},"end":{"line":221,"column":24}},"loc":{"start":{"line":221,"column":29},"end":{"line":221,"column":64}},"line":221}},"branchMap":{"0":{"loc":{"start":{"line":23,"column":4},"end":{"line":201,"column":5}},"type":"switch","locations":[{"start":{"line":24,"column":6},"end":{"line":45,"column":10}},{"start":{"line":47,"column":6},"end":{"line":68,"column":10}},{"start":{"line":70,"column":6},"end":{"line":135,"column":10}},{"start":{"line":137,"column":6},"end":{"line":166,"column":10}},{"start":{"line":168,"column":6},"end":{"line":197,"column":10}},{"start":{"line":199,"column":6},"end":{"line":200,"column":20}}],"line":23},"1":{"loc":{"start":{"line":223,"column":16},"end":{"line":225,"column":71}},"type":"cond-expr","locations":[{"start":{"line":224,"column":20},"end":{"line":224,"column":57}},{"start":{"line":225,"column":20},"end":{"line":225,"column":71}}],"line":223}},"s":{"0":1,"1":0,"2":0,"3":0,"4":0,"5":0,"6":0,"7":0,"8":0,"9":0,"10":0,"11":0,"12":0,"13":0,"14":0,"15":0},"f":{"0":0,"1":0,"2":0,"3":0,"4":0,"5":0},"b":{"0":[0,0,0,0,0,0],"1":[0,0]},"_coverageSchema":"1a1c01bbd47fc00a2c39e90264f33305004495a9","hash":"8f595315b2c37b5a80ac8867e612b76300c5322c"}
,"/Users/marcodamm/Desktop/Stats_SocialMedia/src/components/StatsOverview.tsx": {"path":"/Users/marcodamm/Desktop/Stats_SocialMedia/src/components/StatsOverview.tsx","statementMap":{"0":{"start":{"line":16,"column":42},"end":{"line":36,"column":1}},"1":{"start":{"line":17,"column":2},"end":{"line":35,"column":15}},"2":{"start":{"line":38,"column":32},"end":{"line":264,"column":1}},"3":{"start":{"line":39,"column":54},"end":{"line":45,"column":4}},"4":{"start":{"line":46,"column":38},"end":{"line":51,"column":4}},"5":{"start":{"line":53,"column":2},"end":{"line":89,"column":9}},"6":{"start":{"line":55,"column":29},"end":{"line":55,"column":106}},"7":{"start":{"line":56,"column":31},"end":{"line":56,"column":65}},"8":{"start":{"line":58,"column":4},"end":{"line":61,"column":7}},"9":{"start":{"line":64,"column":25},"end":{"line":64,"column":26}},"10":{"start":{"line":65,"column":26},"end":{"line":65,"column":27}},"11":{"start":{"line":66,"column":21},"end":{"line":66,"column":22}},"12":{"start":{"line":67,"column":21},"end":{"line":67,"column":22}},"13":{"start":{"line":69,"column":4},"end":{"line":74,"column":5}},"14":{"start":{"line":71,"column":6},"end":{"line":71,"column":30}},"15":{"start":{"line":72,"column":6},"end":{"line":72,"column":28}},"16":{"start":{"line":73,"column":6},"end":{"line":73,"column":23}},"17":{"start":{"line":76,"column":4},"end":{"line":81,"column":5}},"18":{"start":{"line":78,"column":6},"end":{"line":78,"column":30}},"19":{"start":{"line":79,"column":6},"end":{"line":79,"column":38}},"20":{"start":{"line":80,"column":6},"end":{"line":80,"column":24}},"21":{"start":{"line":83,"column":4},"end":{"line":88,"column":7}},"22":{"start":{"line":91,"column":23},"end":{"line":98,"column":3}},"23":{"start":{"line":92,"column":4},"end":{"line":96,"column":5}},"24":{"start":{"line":93,"column":6},"end":{"line":93,"column":46}},"25":{"start":{"line":94,"column":11},"end":{"line":96,"column":5}},"26":{"start":{"line":95,"column":6},"end":{"line":95,"column":43}},"27":{"start":{"line":97,"column":4},"end":{"line":97,"column":26}},"28":{"start":{"line":100,"column":16},"end":{"line":133,"column":3}},"29":{"start":{"line":135,"column":20},"end":{"line":162,"column":3}},"30":{"start":{"line":164,"column":2},"end":{"line":263,"column":4}},"31":{"start":{"line":184,"column":12},"end":{"line":244,"column":25}},"32":{"start":{"line":216,"column":20},"end":{"line":221,"column":26}},"33":{"start":{"line":224,"column":35},"end":{"line":224,"column":91}},"34":{"start":{"line":237,"column":35},"end":{"line":237,"column":69}},"35":{"start":{"line":258,"column":12},"end":{"line":258,"column":46}}},"fnMap":{"0":{"name":"(anonymous_0)","decl":{"start":{"line":16,"column":42},"end":{"line":16,"column":43}},"loc":{"start":{"line":17,"column":2},"end":{"line":35,"column":15}},"line":17},"1":{"name":"(anonymous_1)","decl":{"start":{"line":38,"column":32},"end":{"line":38,"column":33}},"loc":{"start":{"line":38,"column":38},"end":{"line":264,"column":1}},"line":38},"2":{"name":"(anonymous_2)","decl":{"start":{"line":53,"column":12},"end":{"line":53,"column":13}},"loc":{"start":{"line":53,"column":18},"end":{"line":89,"column":3}},"line":53},"3":{"name":"(anonymous_3)","decl":{"start":{"line":91,"column":23},"end":{"line":91,"column":24}},"loc":{"start":{"line":91,"column":48},"end":{"line":98,"column":3}},"line":91},"4":{"name":"(anonymous_4)","decl":{"start":{"line":183,"column":25},"end":{"line":183,"column":26}},"loc":{"start":{"line":184,"column":12},"end":{"line":244,"column":25}},"line":184},"5":{"name":"(anonymous_5)","decl":{"start":{"line":215,"column":54},"end":{"line":215,"column":55}},"loc":{"start":{"line":216,"column":20},"end":{"line":221,"column":26}},"line":216},"6":{"name":"(anonymous_6)","decl":{"start":{"line":224,"column":29},"end":{"line":224,"column":30}},"loc":{"start":{"line":224,"column":35},"end":{"line":224,"column":91}},"line":224},"7":{"name":"(anonymous_7)","decl":{"start":{"line":237,"column":29},"end":{"line":237,"column":30}},"loc":{"start":{"line":237,"column":35},"end":{"line":237,"column":69}},"line":237},"8":{"name":"(anonymous_8)","decl":{"start":{"line":257,"column":21},"end":{"line":257,"column":22}},"loc":{"start":{"line":258,"column":12},"end":{"line":258,"column":46}},"line":258}},"branchMap":{"0":{"loc":{"start":{"line":27,"column":50},"end":{"line":27,"column":108}},"type":"cond-expr","locations":[{"start":{"line":27,"column":75},"end":{"line":27,"column":91}},{"start":{"line":27,"column":94},"end":{"line":27,"column":108}}],"line":27},"1":{"loc":{"start":{"line":55,"column":32},"end":{"line":55,"column":105}},"type":"binary-expr","locations":[{"start":{"line":55,"column":32},"end":{"line":55,"column":65}},{"start":{"line":55,"column":69},"end":{"line":55,"column":105}}],"line":55},"2":{"loc":{"start":{"line":69,"column":4},"end":{"line":74,"column":5}},"type":"if","locations":[{"start":{"line":69,"column":4},"end":{"line":74,"column":5}},{"start":{},"end":{}}],"line":69},"3":{"loc":{"start":{"line":76,"column":4},"end":{"line":81,"column":5}},"type":"if","locations":[{"start":{"line":76,"column":4},"end":{"line":81,"column":5}},{"start":{},"end":{}}],"line":76},"4":{"loc":{"start":{"line":92,"column":4},"end":{"line":96,"column":5}},"type":"if","locations":[{"start":{"line":92,"column":4},"end":{"line":96,"column":5}},{"start":{"line":94,"column":11},"end":{"line":96,"column":5}}],"line":92},"5":{"loc":{"start":{"line":94,"column":11},"end":{"line":96,"column":5}},"type":"if","locations":[{"start":{"line":94,"column":11},"end":{"line":96,"column":5}},{"start":{},"end":{}}],"line":94},"6":{"loc":{"start":{"line":199,"column":19},"end":{"line":209,"column":19}},"type":"cond-expr","locations":[{"start":{"line":200,"column":20},"end":{"line":203,"column":26}},{"start":{"line":205,"column":20},"end":{"line":208,"column":26}}],"line":199},"7":{"loc":{"start":{"line":213,"column":15},"end":{"line":243,"column":15}},"type":"cond-expr","locations":[{"start":{"line":214,"column":16},"end":{"line":230,"column":22}},{"start":{"line":232,"column":16},"end":{"line":242,"column":22}}],"line":213}},"s":{"0":1,"1":0,"2":1,"3":0,"4":0,"5":0,"6":0,"7":0,"8":0,"9":0,"10":0,"11":0,"12":0,"13":0,"14":0,"15":0,"16":0,"17":0,"18":0,"19":0,"20":0,"21":0,"22":0,"23":0,"24":0,"25":0,"26":0,"27":0,"28":0,"29":0,"30":0,"31":0,"32":0,"33":0,"34":0,"35":0},"f":{"0":0,"1":0,"2":0,"3":0,"4":0,"5":0,"6":0,"7":0,"8":0},"b":{"0":[0,0],"1":[0,0],"2":[0,0],"3":[0,0],"4":[0,0],"5":[0,0],"6":[0,0],"7":[0,0]},"_coverageSchema":"1a1c01bbd47fc00a2c39e90264f33305004495a9","hash":"8159818de894dfdb792f360f06cc5d43cc9284bc"}
,"/Users/marcodamm/Desktop/Stats_SocialMedia/src/components/ThreadsConfig.tsx": {"path":"/Users/marcodamm/Desktop/Stats_SocialMedia/src/components/ThreadsConfig.tsx","statementMap":{"0":{"start":{"line":11,"column":61},"end":{"line":163,"column":1}},"1":{"start":{"line":12,"column":30},"end":{"line":14,"column":4}},"2":{"start":{"line":15,"column":40},"end":{"line":15,"column":55}},"3":{"start":{"line":16,"column":40},"end":{"line":16,"column":55}},"4":{"start":{"line":18,"column":2},"end":{"line":24,"column":9}},"5":{"start":{"line":19,"column":24},"end":{"line":19,"column":50}},"6":{"start":{"line":20,"column":4},"end":{"line":23,"column":5}},"7":{"start":{"line":21,"column":6},"end":{"line":21,"column":29}},"8":{"start":{"line":22,"column":6},"end":{"line":22,"column":27}},"9":{"start":{"line":26,"column":21},"end":{"line":41,"column":3}},"10":{"start":{"line":27,"column":4},"end":{"line":30,"column":5}},"11":{"start":{"line":28,"column":6},"end":{"line":28,"column":50}},"12":{"start":{"line":29,"column":6},"end":{"line":29,"column":13}},"13":{"start":{"line":32,"column":4},"end":{"line":32,"column":40}},"14":{"start":{"line":33,"column":4},"end":{"line":33,"column":25}},"15":{"start":{"line":34,"column":4},"end":{"line":34,"column":25}},"16":{"start":{"line":36,"column":4},"end":{"line":38,"column":5}},"17":{"start":{"line":37,"column":6},"end":{"line":37,"column":29}},"18":{"start":{"line":40,"column":4},"end":{"line":40,"column":50}},"19":{"start":{"line":40,"column":21},"end":{"line":40,"column":42}},"20":{"start":{"line":43,"column":27},"end":{"line":48,"column":3}},"21":{"start":{"line":44,"column":4},"end":{"line":44,"column":50}},"22":{"start":{"line":45,"column":4},"end":{"line":45,"column":32}},"23":{"start":{"line":46,"column":4},"end":{"line":46,"column":26}},"24":{"start":{"line":47,"column":4},"end":{"line":47,"column":45}},"25":{"start":{"line":50,"column":2},"end":{"line":162,"column":4}},"26":{"start":{"line":93,"column":33},"end":{"line":93,"column":83}}},"fnMap":{"0":{"name":"(anonymous_0)","decl":{"start":{"line":11,"column":61},"end":{"line":11,"column":62}},"loc":{"start":{"line":11,"column":85},"end":{"line":163,"column":1}},"line":11},"1":{"name":"(anonymous_1)","decl":{"start":{"line":18,"column":12},"end":{"line":18,"column":13}},"loc":{"start":{"line":18,"column":18},"end":{"line":24,"column":3}},"line":18},"2":{"name":"(anonymous_2)","decl":{"start":{"line":26,"column":21},"end":{"line":26,"column":22}},"loc":{"start":{"line":26,"column":27},"end":{"line":41,"column":3}},"line":26},"3":{"name":"(anonymous_3)","decl":{"start":{"line":40,"column":15},"end":{"line":40,"column":16}},"loc":{"start":{"line":40,"column":21},"end":{"line":40,"column":42}},"line":40},"4":{"name":"(anonymous_4)","decl":{"start":{"line":43,"column":27},"end":{"line":43,"column":28}},"loc":{"start":{"line":43,"column":33},"end":{"line":48,"column":3}},"line":43},"5":{"name":"(anonymous_5)","decl":{"start":{"line":93,"column":26},"end":{"line":93,"column":27}},"loc":{"start":{"line":93,"column":33},"end":{"line":93,"column":83}},"line":93}},"branchMap":{"0":{"loc":{"start":{"line":20,"column":4},"end":{"line":23,"column":5}},"type":"if","locations":[{"start":{"line":20,"column":4},"end":{"line":23,"column":5}},{"start":{},"end":{}}],"line":20},"1":{"loc":{"start":{"line":27,"column":4},"end":{"line":30,"column":5}},"type":"if","locations":[{"start":{"line":27,"column":4},"end":{"line":30,"column":5}},{"start":{},"end":{}}],"line":27},"2":{"loc":{"start":{"line":36,"column":4},"end":{"line":38,"column":5}},"type":"if","locations":[{"start":{"line":36,"column":4},"end":{"line":38,"column":5}},{"start":{},"end":{}}],"line":36},"3":{"loc":{"start":{"line":53,"column":40},"end":{"line":53,"column":133}},"type":"cond-expr","locations":[{"start":{"line":53,"column":54},"end":{"line":53,"column":91}},{"start":{"line":53,"column":94},"end":{"line":53,"column":133}}],"line":53},"4":{"loc":{"start":{"line":55,"column":11},"end":{"line":59,"column":11}},"type":"cond-expr","locations":[{"start":{"line":56,"column":12},"end":{"line":56,"column":62}},{"start":{"line":58,"column":12},"end":{"line":58,"column":63}}],"line":55},"5":{"loc":{"start":{"line":61,"column":44},"end":{"line":61,"column":94}},"type":"cond-expr","locations":[{"start":{"line":61,"column":58},"end":{"line":61,"column":74}},{"start":{"line":61,"column":77},"end":{"line":61,"column":94}}],"line":61},"6":{"loc":{"start":{"line":62,"column":15},"end":{"line":62,"column":69}},"type":"cond-expr","locations":[{"start":{"line":62,"column":29},"end":{"line":62,"column":51}},{"start":{"line":62,"column":54},"end":{"line":62,"column":69}}],"line":62},"7":{"loc":{"start":{"line":64,"column":37},"end":{"line":64,"column":87}},"type":"cond-expr","locations":[{"start":{"line":64,"column":51},"end":{"line":64,"column":67}},{"start":{"line":64,"column":70},"end":{"line":64,"column":87}}],"line":64},"8":{"loc":{"start":{"line":65,"column":15},"end":{"line":67,"column":71}},"type":"cond-expr","locations":[{"start":{"line":66,"column":18},"end":{"line":66,"column":52}},{"start":{"line":67,"column":18},"end":{"line":67,"column":71}}],"line":65},"9":{"loc":{"start":{"line":121,"column":15},"end":{"line":121,"column":71}},"type":"cond-expr","locations":[{"start":{"line":121,"column":29},"end":{"line":121,"column":51}},{"start":{"line":121,"column":54},"end":{"line":121,"column":71}}],"line":121},"10":{"loc":{"start":{"line":123,"column":13},"end":{"line":130,"column":13}},"type":"binary-expr","locations":[{"start":{"line":123,"column":13},"end":{"line":123,"column":24}},{"start":{"line":124,"column":14},"end":{"line":129,"column":23}}],"line":123},"11":{"loc":{"start":{"line":136,"column":7},"end":{"line":149,"column":7}},"type":"binary-expr","locations":[{"start":{"line":136,"column":7},"end":{"line":136,"column":18}},{"start":{"line":137,"column":8},"end":{"line":148,"column":21}}],"line":136}},"s":{"0":0,"1":0,"2":0,"3":0,"4":0,"5":0,"6":0,"7":0,"8":0,"9":0,"10":0,"11":0,"12":0,"13":0,"14":0,"15":0,"16":0,"17":0,"18":0,"19":0,"20":0,"21":0,"22":0,"23":0,"24":0,"25":0,"26":0},"f":{"0":0,"1":0,"2":0,"3":0,"4":0,"5":0},"b":{"0":[0,0],"1":[0,0],"2":[0,0],"3":[0,0],"4":[0,0],"5":[0,0],"6":[0,0],"7":[0,0],"8":[0,0],"9":[0,0],"10":[0,0],"11":[0,0]}}
,"/Users/marcodamm/Desktop/Stats_SocialMedia/src/components/ThreadsStats.tsx": {"path":"/Users/marcodamm/Desktop/Stats_SocialMedia/src/components/ThreadsStats.tsx","statementMap":{"0":{"start":{"line":9,"column":31},"end":{"line":324,"column":1}},"1":{"start":{"line":10,"column":36},"end":{"line":10,"column":75}},"2":{"start":{"line":11,"column":32},"end":{"line":11,"column":46}},"3":{"start":{"line":12,"column":28},"end":{"line":12,"column":57}},"4":{"start":{"line":13,"column":46},"end":{"line":13,"column":72}},"5":{"start":{"line":14,"column":58},"end":{"line":14,"column":77}},"6":{"start":{"line":15,"column":62},"end":{"line":15,"column":81}},"7":{"start":{"line":17,"column":2},"end":{"line":21,"column":9}},"8":{"start":{"line":18,"column":4},"end":{"line":18,"column":22}},"9":{"start":{"line":20,"column":4},"end":{"line":20,"column":38}},"10":{"start":{"line":24,"column":2},"end":{"line":41,"column":34}},"11":{"start":{"line":25,"column":4},"end":{"line":40,"column":5}},"12":{"start":{"line":26,"column":27},"end":{"line":31,"column":7}},"13":{"start":{"line":32,"column":29},"end":{"line":37,"column":7}},"14":{"start":{"line":38,"column":6},"end":{"line":38,"column":44}},"15":{"start":{"line":39,"column":6},"end":{"line":39,"column":48}},"16":{"start":{"line":43,"column":26},"end":{"line":56,"column":3}},"17":{"start":{"line":44,"column":4},"end":{"line":44,"column":21}},"18":{"start":{"line":45,"column":4},"end":{"line":45,"column":19}},"19":{"start":{"line":47,"column":4},"end":{"line":55,"column":5}},"20":{"start":{"line":48,"column":19},"end":{"line":48,"column":54}},"21":{"start":{"line":49,"column":6},"end":{"line":49,"column":25}},"22":{"start":{"line":51,"column":6},"end":{"line":51,"column":46}},"23":{"start":{"line":52,"column":6},"end":{"line":52,"column":56}},"24":{"start":{"line":54,"column":6},"end":{"line":54,"column":24}},"25":{"start":{"line":58,"column":23},"end":{"line":65,"column":3}},"26":{"start":{"line":59,"column":4},"end":{"line":63,"column":5}},"27":{"start":{"line":60,"column":6},"end":{"line":60,"column":46}},"28":{"start":{"line":61,"column":11},"end":{"line":63,"column":5}},"29":{"start":{"line":62,"column":6},"end":{"line":62,"column":43}},"30":{"start":{"line":64,"column":4},"end":{"line":64,"column":26}},"31":{"start":{"line":67,"column":21},"end":{"line":74,"column":3}},"32":{"start":{"line":68,"column":4},"end":{"line":73,"column":7}},"33":{"start":{"line":76,"column":2},"end":{"line":85,"column":3}},"34":{"start":{"line":77,"column":4},"end":{"line":84,"column":6}},"35":{"start":{"line":87,"column":2},"end":{"line":99,"column":3}},"36":{"start":{"line":88,"column":4},"end":{"line":98,"column":6}},"37":{"start":{"line":101,"column":2},"end":{"line":103,"column":3}},"38":{"start":{"line":102,"column":4},"end":{"line":102,"column":16}},"39":{"start":{"line":105,"column":33},"end":{"line":105,"column":42}},"40":{"start":{"line":107,"column":2},"end":{"line":323,"column":4}},"41":{"start":{"line":286,"column":12},"end":{"line":318,"column":18}}},"fnMap":{"0":{"name":"(anonymous_0)","decl":{"start":{"line":9,"column":31},"end":{"line":9,"column":32}},"loc":{"start":{"line":9,"column":37},"end":{"line":324,"column":1}},"line":9},"1":{"name":"(anonymous_1)","decl":{"start":{"line":17,"column":12},"end":{"line":17,"column":13}},"loc":{"start":{"line":17,"column":18},"end":{"line":21,"column":3}},"line":17},"2":{"name":"(anonymous_2)","decl":{"start":{"line":24,"column":12},"end":{"line":24,"column":13}},"loc":{"start":{"line":24,"column":18},"end":{"line":41,"column":3}},"line":24},"3":{"name":"(anonymous_3)","decl":{"start":{"line":43,"column":26},"end":{"line":43,"column":27}},"loc":{"start":{"line":43,"column":38},"end":{"line":56,"column":3}},"line":43},"4":{"name":"(anonymous_4)","decl":{"start":{"line":58,"column":23},"end":{"line":58,"column":24}},"loc":{"start":{"line":58,"column":48},"end":{"line":65,"column":3}},"line":58},"5":{"name":"(anonymous_5)","decl":{"start":{"line":67,"column":21},"end":{"line":67,"column":22}},"loc":{"start":{"line":67,"column":53},"end":{"line":74,"column":3}},"line":67},"6":{"name":"(anonymous_6)","decl":{"start":{"line":285,"column":27},"end":{"line":285,"column":28}},"loc":{"start":{"line":286,"column":12},"end":{"line":318,"column":18}},"line":286}},"branchMap":{"0":{"loc":{"start":{"line":25,"column":4},"end":{"line":40,"column":5}},"type":"if","locations":[{"start":{"line":25,"column":4},"end":{"line":40,"column":5}},{"start":{},"end":{}}],"line":25},"1":{"loc":{"start":{"line":59,"column":4},"end":{"line":63,"column":5}},"type":"if","locations":[{"start":{"line":59,"column":4},"end":{"line":63,"column":5}},{"start":{"line":61,"column":11},"end":{"line":63,"column":5}}],"line":59},"2":{"loc":{"start":{"line":61,"column":11},"end":{"line":63,"column":5}},"type":"if","locations":[{"start":{"line":61,"column":11},"end":{"line":63,"column":5}},{"start":{},"end":{}}],"line":61},"3":{"loc":{"start":{"line":76,"column":2},"end":{"line":85,"column":3}},"type":"if","locations":[{"start":{"line":76,"column":2},"end":{"line":85,"column":3}},{"start":{},"end":{}}],"line":76},"4":{"loc":{"start":{"line":87,"column":2},"end":{"line":99,"column":3}},"type":"if","locations":[{"start":{"line":87,"column":2},"end":{"line":99,"column":3}},{"start":{},"end":{}}],"line":87},"5":{"loc":{"start":{"line":101,"column":2},"end":{"line":103,"column":3}},"type":"if","locations":[{"start":{"line":101,"column":2},"end":{"line":103,"column":3}},{"start":{},"end":{}}],"line":101},"6":{"loc":{"start":{"line":150,"column":47},"end":{"line":150,"column":76}},"type":"cond-expr","locations":[{"start":{"line":150,"column":57},"end":{"line":150,"column":71}},{"start":{"line":150,"column":74},"end":{"line":150,"column":76}}],"line":150},"7":{"loc":{"start":{"line":290,"column":19},"end":{"line":297,"column":19}},"type":"binary-expr","locations":[{"start":{"line":290,"column":19},"end":{"line":290,"column":32}},{"start":{"line":290,"column":36},"end":{"line":290,"column":53}},{"start":{"line":291,"column":20},"end":{"line":296,"column":26}}],"line":290}},"s":{"0":0,"1":0,"2":0,"3":0,"4":0,"5":0,"6":0,"7":0,"8":0,"9":0,"10":0,"11":0,"12":0,"13":0,"14":0,"15":0,"16":0,"17":0,"18":0,"19":0,"20":0,"21":0,"22":0,"23":0,"24":0,"25":0,"26":0,"27":0,"28":0,"29":0,"30":0,"31":0,"32":0,"33":0,"34":0,"35":0,"36":0,"37":0,"38":0,"39":0,"40":0,"41":0},"f":{"0":0,"1":0,"2":0,"3":0,"4":0,"5":0,"6":0},"b":{"0":[0,0],"1":[0,0],"2":[0,0],"3":[0,0],"4":[0,0],"5":[0,0],"6":[0,0],"7":[0,0,0]}}
,"/Users/marcodamm/Desktop/Stats_SocialMedia/src/components/YouTubeConfig.tsx": {"path":"/Users/marcodamm/Desktop/Stats_SocialMedia/src/components/YouTubeConfig.tsx","statementMap":{"0":{"start":{"line":11,"column":52},"end":{"line":186,"column":1}},"1":{"start":{"line":12,"column":38},"end":{"line":12,"column":53}},"2":{"start":{"line":13,"column":40},"end":{"line":13,"column":55}},"3":{"start":{"line":14,"column":30},"end":{"line":32,"column":4}},"4":{"start":{"line":16,"column":24},"end":{"line":16,"column":61}},"5":{"start":{"line":17,"column":4},"end":{"line":25,"column":5}},"6":{"start":{"line":18,"column":21},"end":{"line":18,"column":44}},"7":{"start":{"line":19,"column":6},"end":{"line":24,"column":8}},"8":{"start":{"line":26,"column":4},"end":{"line":31,"column":6}},"9":{"start":{"line":34,"column":21},"end":{"line":51,"column":3}},"10":{"start":{"line":36,"column":4},"end":{"line":39,"column":5}},"11":{"start":{"line":37,"column":6},"end":{"line":37,"column":89}},"12":{"start":{"line":38,"column":6},"end":{"line":38,"column":13}},"13":{"start":{"line":42,"column":4},"end":{"line":42,"column":40}},"14":{"start":{"line":44,"column":4},"end":{"line":44,"column":27}},"15":{"start":{"line":46,"column":4},"end":{"line":46,"column":66}},"16":{"start":{"line":49,"column":4},"end":{"line":49,"column":25}},"17":{"start":{"line":50,"column":4},"end":{"line":50,"column":50}},"18":{"start":{"line":50,"column":21},"end":{"line":50,"column":42}},"19":{"start":{"line":53,"column":28},"end":{"line":55,"column":3}},"20":{"start":{"line":54,"column":4},"end":{"line":54,"column":53}},"21":{"start":{"line":54,"column":23},"end":{"line":54,"column":50}},"22":{"start":{"line":57,"column":2},"end":{"line":185,"column":4}},"23":{"start":{"line":82,"column":29},"end":{"line":82,"column":77}},"24":{"start":{"line":98,"column":31},"end":{"line":98,"column":78}},"25":{"start":{"line":113,"column":29},"end":{"line":113,"column":75}},"26":{"start":{"line":132,"column":31},"end":{"line":132,"column":74}},"27":{"start":{"line":138,"column":29},"end":{"line":138,"column":55}}},"fnMap":{"0":{"name":"(anonymous_0)","decl":{"start":{"line":11,"column":52},"end":{"line":11,"column":53}},"loc":{"start":{"line":11,"column":76},"end":{"line":186,"column":1}},"line":11},"1":{"name":"(anonymous_1)","decl":{"start":{"line":14,"column":39},"end":{"line":14,"column":40}},"loc":{"start":{"line":14,"column":45},"end":{"line":32,"column":3}},"line":14},"2":{"name":"(anonymous_2)","decl":{"start":{"line":34,"column":21},"end":{"line":34,"column":22}},"loc":{"start":{"line":34,"column":27},"end":{"line":51,"column":3}},"line":34},"3":{"name":"(anonymous_3)","decl":{"start":{"line":50,"column":15},"end":{"line":50,"column":16}},"loc":{"start":{"line":50,"column":21},"end":{"line":50,"column":42}},"line":50},"4":{"name":"(anonymous_4)","decl":{"start":{"line":53,"column":28},"end":{"line":53,"column":29}},"loc":{"start":{"line":53,"column":62},"end":{"line":55,"column":3}},"line":53},"5":{"name":"(anonymous_5)","decl":{"start":{"line":54,"column":14},"end":{"line":54,"column":15}},"loc":{"start":{"line":54,"column":23},"end":{"line":54,"column":50}},"line":54},"6":{"name":"(anonymous_6)","decl":{"start":{"line":82,"column":22},"end":{"line":82,"column":23}},"loc":{"start":{"line":82,"column":29},"end":{"line":82,"column":77}},"line":82},"7":{"name":"(anonymous_7)","decl":{"start":{"line":98,"column":24},"end":{"line":98,"column":25}},"loc":{"start":{"line":98,"column":31},"end":{"line":98,"column":78}},"line":98},"8":{"name":"(anonymous_8)","decl":{"start":{"line":113,"column":22},"end":{"line":113,"column":23}},"loc":{"start":{"line":113,"column":29},"end":{"line":113,"column":75}},"line":113},"9":{"name":"(anonymous_9)","decl":{"start":{"line":132,"column":24},"end":{"line":132,"column":25}},"loc":{"start":{"line":132,"column":31},"end":{"line":132,"column":74}},"line":132},"10":{"name":"(anonymous_10)","decl":{"start":{"line":138,"column":23},"end":{"line":138,"column":24}},"loc":{"start":{"line":138,"column":29},"end":{"line":138,"column":55}},"line":138}},"branchMap":{"0":{"loc":{"start":{"line":17,"column":4},"end":{"line":25,"column":5}},"type":"if","locations":[{"start":{"line":17,"column":4},"end":{"line":25,"column":5}},{"start":{},"end":{}}],"line":17},"1":{"loc":{"start":{"line":20,"column":19},"end":{"line":20,"column":62}},"type":"binary-expr","locations":[{"start":{"line":20,"column":19},"end":{"line":20,"column":35}},{"start":{"line":20,"column":39},"end":{"line":20,"column":62}}],"line":20},"2":{"loc":{"start":{"line":21,"column":16},"end":{"line":21,"column":53}},"type":"binary-expr","locations":[{"start":{"line":21,"column":16},"end":{"line":21,"column":29}},{"start":{"line":21,"column":33},"end":{"line":21,"column":53}}],"line":21},"3":{"loc":{"start":{"line":22,"column":21},"end":{"line":22,"column":68}},"type":"binary-expr","locations":[{"start":{"line":22,"column":21},"end":{"line":22,"column":39}},{"start":{"line":22,"column":43},"end":{"line":22,"column":68}}],"line":22},"4":{"loc":{"start":{"line":23,"column":20},"end":{"line":23,"column":65}},"type":"binary-expr","locations":[{"start":{"line":23,"column":20},"end":{"line":23,"column":37}},{"start":{"line":23,"column":41},"end":{"line":23,"column":65}}],"line":23},"5":{"loc":{"start":{"line":36,"column":4},"end":{"line":39,"column":5}},"type":"if","locations":[{"start":{"line":36,"column":4},"end":{"line":39,"column":5}},{"start":{},"end":{}}],"line":36},"6":{"loc":{"start":{"line":36,"column":8},"end":{"line":36,"column":66}},"type":"binary-expr","locations":[{"start":{"line":36,"column":8},"end":{"line":36,"column":25}},{"start":{"line":36,"column":29},"end":{"line":36,"column":43}},{"start":{"line":36,"column":47},"end":{"line":36,"column":66}}],"line":36},"7":{"loc":{"start":{"line":130,"column":20},"end":{"line":130,"column":52}},"type":"cond-expr","locations":[{"start":{"line":130,"column":33},"end":{"line":130,"column":39}},{"start":{"line":130,"column":42},"end":{"line":130,"column":52}}],"line":130},"8":{"loc":{"start":{"line":141,"column":15},"end":{"line":141,"column":88}},"type":"cond-expr","locations":[{"start":{"line":141,"column":28},"end":{"line":141,"column":58}},{"start":{"line":141,"column":61},"end":{"line":141,"column":88}}],"line":141},"9":{"loc":{"start":{"line":162,"column":9},"end":{"line":171,"column":9}},"type":"binary-expr","locations":[{"start":{"line":162,"column":9},"end":{"line":162,"column":20}},{"start":{"line":163,"column":10},"end":{"line":170,"column":23}}],"line":162}},"s":{"0":1,"1":0,"2":0,"3":0,"4":0,"5":0,"6":0,"7":0,"8":0,"9":0,"10":0,"11":0,"12":0,"13":0,"14":0,"15":0,"16":0,"17":0,"18":0,"19":0,"20":0,"21":0,"22":0,"23":0,"24":0,"25":0,"26":0,"27":0},"f":{"0":0,"1":0,"2":0,"3":0,"4":0,"5":0,"6":0,"7":0,"8":0,"9":0,"10":0},"b":{"0":[0,0],"1":[0,0],"2":[0,0],"3":[0,0],"4":[0,0],"5":[0,0],"6":[0,0,0],"7":[0,0],"8":[0,0],"9":[0,0]},"_coverageSchema":"1a1c01bbd47fc00a2c39e90264f33305004495a9","hash":"8353bb2be90777fbede70beacbee0c30b6eb7c33"}
,"/Users/marcodamm/Desktop/Stats_SocialMedia/src/components/YouTubeStats.tsx": {"path":"/Users/marcodamm/Desktop/Stats_SocialMedia/src/components/YouTubeStats.tsx","statementMap":{"0":{"start":{"line":10,"column":31},"end":{"line":500,"column":1}},"1":{"start":{"line":11,"column":36},"end":{"line":11,"column":75}},"2":{"start":{"line":12,"column":32},"end":{"line":12,"column":46}},"3":{"start":{"line":13,"column":28},"end":{"line":13,"column":57}},"4":{"start":{"line":14,"column":46},"end":{"line":14,"column":72}},"5":{"start":{"line":15,"column":62},"end":{"line":15,"column":81}},"6":{"start":{"line":16,"column":52},"end":{"line":16,"column":71}},"7":{"start":{"line":17,"column":36},"end":{"line":28,"column":4}},"8":{"start":{"line":30,"column":2},"end":{"line":34,"column":9}},"9":{"start":{"line":31,"column":4},"end":{"line":31,"column":22}},"10":{"start":{"line":33,"column":4},"end":{"line":33,"column":54}},"11":{"start":{"line":37,"column":2},"end":{"line":43,"column":9}},"12":{"start":{"line":38,"column":26},"end":{"line":41,"column":5}},"13":{"start":{"line":39,"column":21},"end":{"line":39,"column":60}},"14":{"start":{"line":40,"column":6},"end":{"line":40,"column":27}},"15":{"start":{"line":42,"column":4},"end":{"line":42,"column":20}},"16":{"start":{"line":46,"column":2},"end":{"line":58,"column":9}},"17":{"start":{"line":47,"column":32},"end":{"line":54,"column":5}},"18":{"start":{"line":48,"column":26},"end":{"line":48,"column":63}},"19":{"start":{"line":49,"column":6},"end":{"line":53,"column":7}},"20":{"start":{"line":50,"column":23},"end":{"line":50,"column":46}},"21":{"start":{"line":51,"column":8},"end":{"line":51,"column":44}},"22":{"start":{"line":52,"column":8},"end":{"line":52,"column":26}},"23":{"start":{"line":56,"column":4},"end":{"line":56,"column":60}},"24":{"start":{"line":57,"column":4},"end":{"line":57,"column":76}},"25":{"start":{"line":57,"column":17},"end":{"line":57,"column":75}},"26":{"start":{"line":61,"column":2},"end":{"line":77,"column":34}},"27":{"start":{"line":62,"column":4},"end":{"line":76,"column":5}},"28":{"start":{"line":63,"column":29},"end":{"line":67,"column":7}},"29":{"start":{"line":68,"column":24},"end":{"line":73,"column":7}},"30":{"start":{"line":74,"column":6},"end":{"line":74,"column":48}},"31":{"start":{"line":75,"column":6},"end":{"line":75,"column":38}},"32":{"start":{"line":79,"column":26},"end":{"line":91,"column":3}},"33":{"start":{"line":80,"column":4},"end":{"line":90,"column":5}},"34":{"start":{"line":81,"column":6},"end":{"line":81,"column":23}},"35":{"start":{"line":82,"column":6},"end":{"line":82,"column":21}},"36":{"start":{"line":83,"column":19},"end":{"line":83,"column":54}},"37":{"start":{"line":84,"column":6},"end":{"line":84,"column":25}},"38":{"start":{"line":86,"column":6},"end":{"line":86,"column":80}},"39":{"start":{"line":87,"column":6},"end":{"line":87,"column":56}},"40":{"start":{"line":89,"column":6},"end":{"line":89,"column":24}},"41":{"start":{"line":93,"column":23},"end":{"line":100,"column":3}},"42":{"start":{"line":94,"column":4},"end":{"line":98,"column":5}},"43":{"start":{"line":95,"column":6},"end":{"line":95,"column":46}},"44":{"start":{"line":96,"column":11},"end":{"line":98,"column":5}},"45":{"start":{"line":97,"column":6},"end":{"line":97,"column":43}},"46":{"start":{"line":99,"column":4},"end":{"line":99,"column":26}},"47":{"start":{"line":102,"column":25},"end":{"line":115,"column":3}},"48":{"start":{"line":104,"column":18},"end":{"line":104,"column":71}},"49":{"start":{"line":105,"column":4},"end":{"line":105,"column":30}},"50":{"start":{"line":105,"column":16},"end":{"line":105,"column":30}},"51":{"start":{"line":107,"column":18},"end":{"line":107,"column":43}},"52":{"start":{"line":108,"column":20},"end":{"line":108,"column":45}},"53":{"start":{"line":109,"column":20},"end":{"line":109,"column":45}},"54":{"start":{"line":111,"column":4},"end":{"line":113,"column":5}},"55":{"start":{"line":112,"column":6},"end":{"line":112,"column":102}},"56":{"start":{"line":114,"column":4},"end":{"line":114,"column":63}},"57":{"start":{"line":117,"column":21},"end":{"line":123,"column":3}},"58":{"start":{"line":118,"column":4},"end":{"line":122,"column":7}},"59":{"start":{"line":125,"column":2},"end":{"line":138,"column":3}},"60":{"start":{"line":126,"column":4},"end":{"line":137,"column":6}},"61":{"start":{"line":140,"column":2},"end":{"line":156,"column":3}},"62":{"start":{"line":141,"column":4},"end":{"line":155,"column":6}},"63":{"start":{"line":161,"column":26},"end":{"line":163,"column":67}},"64":{"start":{"line":164,"column":28},"end":{"line":164,"column":53}},"65":{"start":{"line":166,"column":2},"end":{"line":168,"column":3}},"66":{"start":{"line":167,"column":4},"end":{"line":167,"column":16}},"67":{"start":{"line":170,"column":41},"end":{"line":170,"column":50}},"68":{"start":{"line":172,"column":2},"end":{"line":499,"column":4}},"69":{"start":{"line":236,"column":30},"end":{"line":236,"column":62}},"70":{"start":{"line":237,"column":16},"end":{"line":237,"column":50}},"71":{"start":{"line":238,"column":16},"end":{"line":238,"column":66}},"72":{"start":{"line":246,"column":16},"end":{"line":246,"column":53}},"73":{"start":{"line":247,"column":16},"end":{"line":247,"column":92}},"74":{"start":{"line":388,"column":12},"end":{"line":427,"column":25}}},"fnMap":{"0":{"name":"(anonymous_0)","decl":{"start":{"line":10,"column":31},"end":{"line":10,"column":32}},"loc":{"start":{"line":10,"column":37},"end":{"line":500,"column":1}},"line":10},"1":{"name":"(anonymous_1)","decl":{"start":{"line":30,"column":12},"end":{"line":30,"column":13}},"loc":{"start":{"line":30,"column":18},"end":{"line":34,"column":3}},"line":30},"2":{"name":"(anonymous_2)","decl":{"start":{"line":37,"column":12},"end":{"line":37,"column":13}},"loc":{"start":{"line":37,"column":18},"end":{"line":43,"column":3}},"line":37},"3":{"name":"(anonymous_3)","decl":{"start":{"line":38,"column":26},"end":{"line":38,"column":27}},"loc":{"start":{"line":38,"column":38},"end":{"line":41,"column":5}},"line":38},"4":{"name":"(anonymous_4)","decl":{"start":{"line":46,"column":12},"end":{"line":46,"column":13}},"loc":{"start":{"line":46,"column":18},"end":{"line":58,"column":3}},"line":46},"5":{"name":"(anonymous_5)","decl":{"start":{"line":47,"column":32},"end":{"line":47,"column":33}},"loc":{"start":{"line":47,"column":38},"end":{"line":54,"column":5}},"line":47},"6":{"name":"(anonymous_6)","decl":{"start":{"line":57,"column":11},"end":{"line":57,"column":12}},"loc":{"start":{"line":57,"column":17},"end":{"line":57,"column":75}},"line":57},"7":{"name":"(anonymous_7)","decl":{"start":{"line":61,"column":12},"end":{"line":61,"column":13}},"loc":{"start":{"line":61,"column":18},"end":{"line":77,"column":3}},"line":61},"8":{"name":"(anonymous_8)","decl":{"start":{"line":79,"column":26},"end":{"line":79,"column":27}},"loc":{"start":{"line":79,"column":38},"end":{"line":91,"column":3}},"line":79},"9":{"name":"(anonymous_9)","decl":{"start":{"line":93,"column":23},"end":{"line":93,"column":24}},"loc":{"start":{"line":93,"column":48},"end":{"line":100,"column":3}},"line":93},"10":{"name":"(anonymous_10)","decl":{"start":{"line":102,"column":25},"end":{"line":102,"column":26}},"loc":{"start":{"line":102,"column":55},"end":{"line":115,"column":3}},"line":102},"11":{"name":"(anonymous_11)","decl":{"start":{"line":117,"column":21},"end":{"line":117,"column":22}},"loc":{"start":{"line":117,"column":53},"end":{"line":123,"column":3}},"line":117},"12":{"name":"(anonymous_12)","decl":{"start":{"line":235,"column":23},"end":{"line":235,"column":24}},"loc":{"start":{"line":235,"column":29},"end":{"line":239,"column":15}},"line":235},"13":{"name":"(anonymous_13)","decl":{"start":{"line":245,"column":23},"end":{"line":245,"column":24}},"loc":{"start":{"line":245,"column":29},"end":{"line":248,"column":15}},"line":245},"14":{"name":"(anonymous_14)","decl":{"start":{"line":387,"column":28},"end":{"line":387,"column":29}},"loc":{"start":{"line":388,"column":12},"end":{"line":427,"column":25}},"line":388}},"branchMap":{"0":{"loc":{"start":{"line":49,"column":6},"end":{"line":53,"column":7}},"type":"if","locations":[{"start":{"line":49,"column":6},"end":{"line":53,"column":7}},{"start":{},"end":{}}],"line":49},"1":{"loc":{"start":{"line":62,"column":4},"end":{"line":76,"col
[...]
{"start":{"line":435,"column":19},"end":{"line":435,"column":40}},{"start":{"line":435,"column":44},"end":{"line":435,"column":61}}],"line":435},"59":{"loc":{"start":{"line":440,"column":24},"end":{"line":440,"column":42}},"type":"default-arg","locations":[{"start":{"line":440,"column":40},"end":{"line":440,"column":42}}],"line":440},"60":{"loc":{"start":{"line":442,"column":4},"end":{"line":465,"column":5}},"type":"if","locations":[{"start":{"line":442,"column":4},"end":{"line":465,"column":5}},{"start":{},"end":{}}],"line":442},"61":{"loc":{"start":{"line":442,"column":8},"end":{"line":442,"column":53}},"type":"binary-expr","locations":[{"start":{"line":442,"column":8},"end":{"line":442,"column":27}},{"start":{"line":442,"column":31},"end":{"line":442,"column":53}}],"line":442},"62":{"loc":{"start":{"line":470,"column":4},"end":{"line":473,"column":5}},"type":"if","locations":[{"start":{"line":470,"column":4},"end":{"line":473,"column":5}},{"start":{},"end":{}}],"line":470},"63":{"loc":{"start":{"line":470,"column":8},"end":{"line":470,"column":60}},"type":"binary-expr","locations":[{"start":{"line":470,"column":8},"end":{"line":470,"column":36}},{"start":{"line":470,"column":40},"end":{"line":470,"column":60}}],"line":470},"64":{"loc":{"start":{"line":476,"column":4},"end":{"line":509,"column":5}},"type":"if","locations":[{"start":{"line":476,"column":4},"end":{"line":509,"column":5}},{"start":{},"end":{}}],"line":476},"65":{"loc":{"start":{"line":480,"column":6},"end":{"line":483,"column":7}},"type":"if","locations":[{"start":{"line":480,"column":6},"end":{"line":483,"column":7}},{"start":{},"end":{}}],"line":480},"66":{"loc":{"start":{"line":524,"column":6},"end":{"line":589,"column":7}},"type":"if","locations":[{"start":{"line":524,"column":6},"end":{"line":589,"column":7}},{"start":{},"end":{}}],"line":524},"67":{"loc":{"start":{"line":528,"column":8},"end":{"line":540,"column":9}},"type":"if","locations":[{"start":{"line":528,"column":8},"end":{"line":540,"column":9}},{"start":{},"end":{}}],"line":528},"68":{"loc":{"start":{"line":552,"column":8},"end":{"line":561,"column":9}},"type":"if","locations":[{"start":{"line":552,"column":8},"end":{"line":561,"column":9}},{"start":{},"end":{}}],"line":552},"69":{"loc":{"start":{"line":555,"column":34},"end":{"line":555,"column":66}},"type":"binary-expr","locations":[{"start":{"line":555,"column":34},"end":{"line":555,"column":59}},{"start":{"line":555,"column":63},"end":{"line":555,"column":66}}],"line":555},"70":{"loc":{"start":{"line":556,"column":34},"end":{"line":556,"column":66}},"type":"binary-expr","locations":[{"start":{"line":556,"column":34},"end":{"line":556,"column":59}},{"start":{"line":556,"column":63},"end":{"line":556,"column":66}}],"line":556},"71":{"loc":{"start":{"line":557,"column":37},"end":{"line":557,"column":72}},"type":"binary-expr","locations":[{"start":{"line":557,"column":37},"end":{"line":557,"column":65}},{"start":{"line":557,"column":69},"end":{"line":557,"column":72}}],"line":557},"72":{"loc":{"start":{"line":564,"column":24},"end":{"line":569,"column":11}},"type":"binary-expr","locations":[{"start":{"line":564,"column":24},"end":{"line":564,"column":53}},{"start":{"line":564,"column":57},"end":{"line":569,"column":11}}],"line":564}},"s":{"0":1,"1":1,"2":1,"3":1,"4":1,"5":1,"6":1,"7":1,"8":0,"9":0,"10":0,"11":1,"12":1,"13":1,"14":1,"15":1,"16":1,"17":1,"18":0,"19":0,"20":0,"21":0,"22":0,"23":0,"24":0,"25":0,"26":1,"27":1,"28":0,"29":0,"30":1,"31":0,"32":0,"33":0,"34":0,"35":0,"36":0,"37":0,"38":0,"39":0,"40":0,"41":0,"42":0,"43":0,"44":0,"45":0,"46":0,"47":0,"48":0,"49":0,"50":0,"51":0,"52":0,"53":0,"54":0,"55":0,"56":0,"57":0,"58":0,"59":0,"60":0,"61":0,"62":0,"63":0,"64":0,"65":0,"66":0,"67":0,"68":0,"69":0,"70":0,"71":0,"72":0,"73":0,"74":0,"75":0,"76":0,"77":0,"78":0,"79":0,"80":0,"81":0,"82":0,"83":0,"84":0,"85":0,"86":0,"87":0,"88":0,"89":0,"90":0,"91":0,"92":0,"93":0,"94":0,"95":0,"96":0,"97":0,"98":0,"99":0,"100":0,"101":0,"102":0,"103":0,"104":0,"105":0,"106":0,"107":0,"108":0,"109":0,"110":0,"111":0,"112":0,"113":0,"114":0,"115":0,"116":0,"117":0,"118":0,"119":0,"120":0,"121":0,"122":0,"123":0,"124":0,"125":0,"126":0,"127":0,"128":0,"129":0,"130":0,"131":0,"132":0,"133":0,"134":0,"135":0,"136":0,"137":0,"138":0,"139":0,"140":0,"141":0,"142":0,"143":0,"144":0,"145":0,"146":0,"147":0,"148":0,"149":0,"150":0,"151":0,"152":0,"153":0,"154":0,"155":0,"156":0,"157":0,"158":0,"159":0,"160":0,"161":0,"162":0,"163":0,"164":0,"165":0,"166":0,"167":0,"168":0,"169":0,"170":0,"171":0,"172":0,"173":0,"174":0,"175":0,"176":0,"177":0,"178":0,"179":0,"180":0,"181":0,"182":0,"183":0,"184":0,"185":0,"186":0,"187":0,"188":0,"189":0,"190":0,"191":0,"192":0,"193":0,"194":0,"195":0,"196":0,"197":0,"198":0,"199":0,"200":0,"201":0,"202":0,"203":0,"204":0,"205":0,"206":0,"207":0,"208":0,"209":0,"210":0,"211":0,"212":0,"213":0,"214":0,"215":0,"216":1},"f":{"0":1,"1":1,"2":0,"3":1,"4":0,"5":0,"6":0,"7":0,"8":0,"9":0,"10":0,"11":0,"12":0,"13":0,"14":0,"15":0,"16":0,"17":0,"18":0,"19":0,"20":0,"21":0,"22":0},"b":{"0":[0,1],"1":[0,0],"2":[0,0],"3":[0,0],"4":[0,0],"5":[0,1],"6":[0,0],"7":[0,0],"8":[0,0],"9":[0,1],"10":[0,0],"11":[0,0],"12":[0,0],"13":[0,0],"14":[0,0],"15":[0,0],"16":[0,0],"17":[0,0],"18":[0,0],"19":[0,0],"20":[0,0],"21":[0,0],"22":[0,0],"23":[0,0],"24":[0,0],"25":[0,0],"26":[0,0],"27":[0,0],"28":[0,0],"29":[0,0],"30":[0,0],"31":[0,0],"32":[0,0],"33":[0,0],"34":[0,0],"35":[0,0],"36":[0,0],"37":[0,0],"38":[0,0],"39":[0,0],"40":[0,0],"41":[0,0],"42":[0,0],"43":[0,0],"44":[0,0],"45":[0,0],"46":[0,0],"47":[0,0],"48":[0,0],"49":[0,0],"50":[0,0],"51":[0,0],"52":[0,0],"53":[0,0],"54":[0,0],"55":[0,0],"56":[0,0],"57":[0,0],"58":[0,0],"59":[0],"60":[0,0],"61":[0,0],"62":[0,0],"63":[0,0],"64":[0,0],"65":[0,0],"66":[0,0],"67":[0,0],"68":[0,0],"69":[0,0],"70":[0,0],"71":[0,0],"72":[0,0]},"_coverageSchema":"1a1c01bbd47fc00a2c39e90264f33305004495a9","hash":"481d4256d3a769b81f746d7f367d3f4eb49bb4aa"}
,"/Users/marcodamm/Desktop/Stats_SocialMedia/src/utils/chartDataUtils.ts": {"path":"/Users/marcodamm/Desktop/Stats_SocialMedia/src/utils/chartDataUtils.ts","statementMap":{"0":{"start":{"line":17,"column":40},"end":{"line":184,"column":1}},"1":{"start":{"line":23,"column":14},"end":{"line":23,"column":24}},"2":{"start":{"line":24,"column":26},"end":{"line":24,"column":28}},"3":{"start":{"line":29,"column":2},"end":{"line":181,"column":3}},"4":{"start":{"line":32,"column":23},"end":{"line":32,"column":64}},"5":{"start":{"line":33,"column":6},"end":{"line":50,"column":7}},"6":{"start":{"line":35,"column":8},"end":{"line":39,"column":12}},"7":{"start":{"line":35,"column":43},"end":{"line":39,"column":9}},"8":{"start":{"line":42,"column":8},"end":{"line":49,"column":9}},"9":{"start":{"line":42,"column":21},"end":{"line":42,"column":22}},"10":{"start":{"line":43,"column":23},"end":{"line":43,"column":91}},"11":{"start":{"line":44,"column":10},"end":{"line":48,"column":13}},"12":{"start":{"line":51,"column":6},"end":{"line":51,"column":12}},"13":{"start":{"line":55,"column":24},"end":{"line":55,"column":66}},"14":{"start":{"line":56,"column":6},"end":{"line":87,"column":7}},"15":{"start":{"line":58,"column":27},"end":{"line":58,"column":99}},"16":{"start":{"line":59,"column":8},"end":{"line":70,"column":11}},"17":{"start":{"line":60,"column":28},"end":{"line":60,"column":47}},"18":{"start":{"line":61,"column":10},"end":{"line":61,"column":70}},"19":{"start":{"line":62,"column":26},"end":{"line":62,"column":63}},"20":{"start":{"line":64,"column":10},"end":{"line":66,"column":11}},"21":{"start":{"line":65,"column":12},"end":{"line":65,"column":76}},"22":{"start":{"line":67,"column":10},"end":{"line":67,"column":71}},"23":{"start":{"line":68,"column":10},"end":{"line":68,"column":59}},"24":{"start":{"line":69,"column":10},"end":{"line":69,"column":46}},"25":{"start":{"line":72,"column":8},"end":{"line":76,"column":12}},"26":{"start":{"line":72,"column":87},"end":{"line":76,"column":9}},"27":{"start":{"line":79,"column":8},"end":{"line":86,"column":9}},"28":{"start":{"line":79,"column":21},"end":{"line":79,"column":22}},"29":{"start":{"line":80,"column":23},"end":{"line":80,"column":97}},"30":{"start":{"line":81,"column":10},"end":{"line":85,"column":13}},"31":{"start":{"line":88,"column":6},"end":{"line":88,"column":12}},"32":{"start":{"line":92,"column":29},"end":{"line":92,"column":68}},"33":{"start":{"line":93,"column":6},"end":{"line":109,"column":7}},"34":{"start":{"line":94,"column":8},"end":{"line":98,"column":12}},"35":{"start":{"line":94,"column":49},"end":{"line":98,"column":9}},"36":{"start":{"line":101,"column":8},"end":{"line":108,"column":9}},"37":{"start":{"line":101,"column":21},"end":{"line":101,"column":22}},"38":{"start":{"line":102,"column":23},"end":{"line":102,"column":79}},"39":{"start":{"line":103,"column":10},"end":{"line":107,"column":13}},"40":{"start":{"line":110,"column":6},"end":{"line":110,"column":12}},"41":{"start":{"line":114,"column":27},"end":{"line":114,"column":66}},"42":{"start":{"line":115,"column":6},"end":{"line":131,"column":7}},"43":{"start":{"line":116,"column":8},"end":{"line":120,"column":12}},"44":{"start":{"line":116,"column":47},"end":{"line":120,"column":9}},"45":{"start":{"line":123,"column":8},"end":{"line":130,"column":9}},"46":{"start":{"line":123,"column":21},"end":{"line":123,"column":22}},"47":{"start":{"line":124,"column":23},"end":{"line":124,"column":79}},"48":{"start":{"line":125,"column":10},"end":{"line":129,"column":13}},"49":{"start":{"line":132,"column":6},"end":{"line":132,"column":12}},"50":{"start":{"line":136,"column":23},"end":{"line":136,"column":63}},"51":{"start":{"line":137,"column":6},"end":{"line":167,"column":7}},"52":{"start":{"line":139,"column":30},"end":{"line":139,"column":87}},"53":{"start":{"line":140,"column":8},"end":{"line":150,"column":11}},"54":{"start":{"line":141,"column":24},"end":{"line":141,"column":44}},"55":{"start":{"line":142,"column":26},"end":{"line":142,"column":62}},"56":{"start":{"line":143,"column":29},"end":{"line":143,"column":42}},"57":{"start":{"line":145,"column":10},"end":{"line":147,"column":11}},"58":{"start":{"line":146,"column":12},"end":{"line":146,"column":72}},"59":{"start":{"line":148,"column":10},"end":{"line":148,"column":73}},"60":{"start":{"line":149,"column":10},"end":{"line":149,"column":52}},"61":{"start":{"line":152,"column":8},"end":{"line":156,"column":12}},"62":{"start":{"line":152,"column":83},"end":{"line":156,"column":9}},"63":{"start":{"line":159,"column":8},"end":{"line":166,"column":9}},"64":{"start":{"line":159,"column":21},"end":{"line":159,"column":22}},"65":{"start":{"line":160,"column":23},"end":{"line":160,"column":85}},"66":{"start":{"line":161,"column":10},"end":{"line":165,"column":13}},"67":{"start":{"line":168,"column":6},"end":{"line":168,"column":12}},"68":{"start":{"line":172,"column":6},"end":{"line":179,"column":7}},"69":{"start":{"line":172,"column":19},"end":{"line":172,"column":20}},"70":{"start":{"line":173,"column":21},"end":{"line":173,"column":77}},"71":{"start":{"line":174,"column":8},"end":{"line":178,"column":11}},"72":{"start":{"line":180,"column":6},"end":{"line":180,"column":12}},"73":{"start":{"line":183,"column":2},"end":{"line":183,"column":20}},"74":{"start":{"line":186,"column":41},"end":{"line":274,"column":1}},"75":{"start":{"line":192,"column":14},"end":{"line":192,"column":24}},"76":{"start":{"line":193,"column":45},"end":{"line":193,"column":47}},"77":{"start":{"line":195,"column":2},"end":{"line":271,"column":3}},"78":{"start":{"line":198,"column":6},"end":{"line":206,"column":7}},"79":{"start":{"line":198,"column":19},"end":{"line":198,"column":20}},"80":{"start":{"line":199,"column":21},"end":{"line":199,"column":89}},"81":{"start":{"line":200,"column":8},"end":{"line":205,"column":11}},"82":{"start":{"line":207,"column":6},"end":{"line":207,"column":12}},"83":{"start":{"line":211,"column":6},"end":{"line":218,"column":7}},"84":{"start":{"line":211,"column":19},"end":{"line":211,"column":20}},"85":{"start":{"line":212,"column":8},"end":{"line":217,"column":11}},"86":{"start":{"line":219,"column":6},"end":{"line":219,"column":12}},"87":{"start":{"line":223,"column":6},"end":{"line":231,"column":7}},"88":{"start":{"line":223,"column":19},"end":{"line":223,"column":20}},"89":{"start":{"line":224,"column":21},"end":{"line":224,"column":77}},"90":{"start":{"line":225,"column":8},"end":{"line":230,"column":11}},"91":{"start":{"line":232,"column":6},"end":{"line":232,"column":12}},"92":{"start":{"line":236,"column":6},"end":{"line":244,"column":7}},"93":{"start":{"line":236,"column":19},"end":{"line":236,"column":20}},"94":{"start":{"line":237,"column":21},"end":{"line":237,"column":77}},"95":{"start":{"line":238,"column":8},"end":{"line":243,"column":11}},"96":{"start":{"line":245,"column":6},"end":{"line":245,"column":12}},"97":{"start":{"line":249,"column":6},"end":{"line":256,"column":7}},"98":{"start":{"line":249,"column":19},"end":{"line":249,"column":20}},"99":{"start":{"line":250,"column":8},"end":{"line":255,"column":11}},"100":{"start":{"line":257,"column":6},"end":{"line":257,"column":12}},"101":{"start":{"line":261,"column":6},"end":{"line":269,"column":7}},"102":{"start":{"line":261,"column":19},"end":{"line":261,"column":20}},"103":{"start":{"line":262,"column":21},"end":{"line":262,"column":77}},"104":{"start":{"line":263,"column":8},"end":{"line":268,"column":11}},"105":{"start":{"line":270,"column":6},"end":{"line":270,"column":12}},"106":{"start":{"line":273,"column":2},"end":{"line":273,"column":20}}},"fnMap":{"0":{"name":"(anonymous_0)","decl":{"start":{"line":17,"column":40},"end":{"line":17,"column":41}},"loc":{"start":{"line":22,"column":12},"end":{"line":184,"column":1}},"line":22},"1":{"name":"(anonymous_1)","decl":{"start":{"line":35,"column":34},"end":{"line":35,"column":35}},"loc":{"start":{"line":35,"column":43},"end":{"line":39,"column":9}},"line":35},"2":{"name":"(anonymous_2)","decl":{"start":{"line":59,"column":26},"end":{"line":59,"column":27}},"loc":{"start":{"line":59,"column":34},"end":{"line":70,"column":9}},"line":59},"3":{"name":"(anonymous_3)","decl":{"start":{"line":72,"column":58},"end":{"line":72,"column":59}},"loc":{"start":{"line":72,"column":87},"end":{"line":76,"column":9}},"line":72},"4":{"name":"(anonymous_4)","decl":{"start":{"line":94,"column":40},"end":{"line":94,"column":41}},"loc":{"start":{"line":94,"column":49},"end":{"line":98,"column":9}},"line":94},"5":{"name":"(anonymous_5)","decl":{"start":{"line":116,"column":38},"end":{"line":116,"column":39}},"loc":{"start":{"line":116,"column":47},"end":{"line":120,"column":9}},"line":116},"6":{"name":"(anonymous_6)","decl":{"start":{"line":140,"column":25},"end":{"line":140,"column":26}},"loc":{"start":{"line":140,"column":33},"end":{"line":150,"column":9}},"line":140},"7":{"name":"(anonymous_7)","decl":{"start":{"line":152,"column":61},"end":{"line":152,"column":62}},"loc":{"start":{"line":152,"column":83},"end":{"line":156,"column":9}},"line":152},"8":{"name":"(anonymous_8)","decl":{"start":{"line":186,"column":41},"end":{"line":186,"column":42}},"loc":{"start":{"line":191,"column":31},"end":{"line":274,"column":1}},"line":191}},"branchMap":{"0":{"loc":{"start":{"line":21,"column":2},"end":{"line":21,"column":80}},"type":"default-arg","locations":[{"start":{"line":21,"column":67},"end":{"line":21,"column":80}}],"line":21},"1":{"loc":{"start":{"line":29,"column":2},"end":{"line":181,"column":3}},"type":"switch","locations":[{"start":{"line":30,"column":4},"end":{"line":51,"column":12}},{"start":{"line":53,"column":4},"end":{"line":88,"column":12}},{"start":{"line":90,"column":4},"end":{"line":110,"column":12}},{"start":{"line":112,"column":4},"end":{"line":132,"column":12}},{"start":{"line":134,"column":4},"end":{"line":168,"column":12}},{"start":{"line":170,"column":4},"end":{"line":180,"column":12}}],"line":29},"2":{"loc":{"start":{"line":33,"column":6},"end":{"line":50,"column":7}},"type":"if","locations":[{"start":{"line":33,"column":6},"end":{"line":50,"column":7}},{"start":{"line":40,"column":13},"end":{"line":50,"column":7}}],"line":33},"3":{"loc":{"start":{"line":37,"column":17},"end":{"line":37,"column":83}},"type":"cond-expr","locations":[{"start":{"line":37,"column":46},"end":{"line":37,"column":66}},{"start":{"line":37,"column":69},"end":{"line":37,"column":83}}],"line":37},"4":{"loc":{"start":{"line":56,"column":6},"end":{"line":87,"column":7}},"type":"if","locations":[{"start":{"line":56,"column":6},"end":{"line":87,"column":7}},{"start":{"line":77,"column":13},"end":{"line":87,"column":7}}],"line":56},"5":{"loc":{"start":{"line":64,"column":10},"end":{"line":66,"column":11}},"type":"if","locations":[{"start":{"line":64,"column":10},"end":{"line":66,"column":11}},{"start":{},"end":{}}],"line":64},"6":{"loc":{"start":{"line":74,"column":29},"end":{"line":74,"column":87}},"type":"cond-expr","locations":[{"start":{"line":74,"column":58},"end":{"line":74,"column":74}},{"start":{"line":74,"column":77},"end":{"line":74,"column":87}}],"line":74},"7":{"loc":{"start":{"line":93,"column":6},"end":{"line":109,"column":7}},"type":"if","locations":[{"start":{"line":93,"column":6},"end":{"line":109,"column":7}},{"start":{"line":99,"column":13},"end":{"line":109,"column":7}}],"line":93},"8":{"loc":{"start":{"line":115,"column":6},"end":{"line":131,"column":7}},"type":"if","locations":[{"start":{"line":115,"column":6},"end":{"line":131,"column":7}},{"start":{"line":121,"column":13},"end":{"line":131,"column":7}}],"line":115},"9":{"loc":{"start":{"line":137,"column":6},"end":{"line":167,"column":7}},"type":"if","locations":[{"start":{"line":137,"column":6},"end":{"line":167,"column":7}},{"start":{"line":157,"column":13},"end":{"line":167,"column":7}}],"line":137},"10":{"loc":{"start":{"line":145,"column":10},"end":{"line":147,"column":11}},"type":"if","locations":[{"start":{"line":145,"column":10},"end":{"line":147,"column":11}},{"start":{},"end":{}}],"line":145},"11":{"loc":{"start":{"line":189,"column":2},"end":{"line":189,"column":30}},"type":"default-arg","locations":[{"start":{"line":189,"column":25},"end":{"line":189,"column":30}}],"line":189},"12":{"loc":{"start":{"line":190,"column":2},"end":{"line":190,"column":32}},"type":"default-arg","locations":[{"start":{"line":190,"column":27},"end":{"line":190,"column":32}}],"line":190},"13":{"loc":{"start":{"line":195,"column":2},"end":{"line":271,"column":3}},"type":"switch","locations":[{"start":{"line":196,"column":4},"end":{"line":207,"column":12}},{"start":{"line":209,"column":4},"end":{"line":219,"column":12}},{"start":{"line":221,"column":4},"end":{"line":232,"column":12}},{"start":{"line":234,"column":4},"end":{"line":245,"column":12}},{"start":{"line":247,"column":4},"end":{"line":257,"column":12}},{"start":{"line":259,"column":4},"end":{"line":270,"column":12}}],"line":195}},"s":{"0":1,"1":0,"2":0,"3":0,"4":0,"5":0,"6":0,"7":0,"8":0,"9":0,"10":0,"11":0,"12":0,"13":0,"14":0,"15":0,"16":0,"17":0,"18":0,"19":0,"20":0,"21":0,"22":0,"23":0,"24":0,"25":0,"26":0,"27":0,"28":0,"29":0,"30":0,"31":0,"32":0,"33":0,"34":0,"35":0,"36":0,"37":0,"38":0,"39":0,"40":0,"41":0,"42":0,"43":0,"44":0,"45":0,"46":0,"47":0,"48":0,"49":0,"50":0,"51":0,"52":0,"53":0,"54":0,"55":0,"56":0,"57":0,"58":0,"59":0,"60":0,"61":0,"62":0,"63":0,"64":0,"65":0,"66":0,"67":0,"68":0,"69":0,"70":0,"71":0,"72":0,"73":0,"74":1,"75":0,"76":0,"77":0,"78":0,"79":0,"80":0,"81":0,"82":0,"83":0,"84":0,"85":0,"86":0,"87":0,"88":0,"89":0,"90":0,"91":0,"92":0,"93":0,"94":0,"95":0,"96":0,"97":0,"98":0,"99":0,"100":0,"101":0,"102":0,"103":0,"104":0,"105":0,"106":0},"f":{"0":0,"1":0,"2":0,"3":0,"4":0,"5":0,"6":0,"7":0,"8":0},"b":{"0":[0],"1":[0,0,0,0,0,0],"2":[0,0],"3":[0,0],"4":[0,0],"5":[0,0],"6":[0,0],"7":[0,0],"8":[0,0],"9":[0,0],"10":[0,0],"11":[0],"12":[0],"13":[0,0,0,0,0,0]},"_coverageSchema":"1a1c01bbd47fc00a2c39e90264f33305004495a9","hash":"6b194f7a1994c148f525bf6f8661e72a6b7db7eb"}
}
