TN:
SF:src/App.tsx
FN:14,(anonymous_0)
FN:30,(anonymous_1)
FN:35,(anonymous_2)
FNF:3
FNH:0
FNDA:0,(anonymous_0)
FNDA:0,(anonymous_1)
FNDA:0,(anonymous_2)
DA:14,1
DA:15,0
DA:18,0
DA:31,0
DA:35,0
LF:5
LH:1
BRDA:37,0,0,0
BRDA:37,0,1,0
BRDA:56,1,0,0
BRDA:56,1,1,0
BRDA:67,2,0,0
BRDA:67,2,1,0
BRDA:71,3,0,0
BRDA:71,3,1,0
BRDA:75,4,0,0
BRDA:75,4,1,0
BRF:10
BRH:0
end_of_record
TN:
SF:src/index.tsx
FNF:0
FNH:0
DA:6,0
DA:9,0
LF:2
LH:0
BRF:0
BRH:0
end_of_record
TN:
SF:src/components/AudienceChart.tsx
FN:6,(anonymous_0)
FN:13,(anonymous_1)
FN:14,(anonymous_2)
FN:26,(anonymous_3)
FN:28,(anonymous_4)
FN:73,(anonymous_5)
FN:83,(anonymous_6)
FNF:7
FNH:0
FNDA:0,(anonymous_0)
FNDA:0,(anonymous_1)
FNDA:0,(anonymous_2)
FNDA:0,(anonymous_3)
FNDA:0,(anonymous_4)
FNDA:0,(anonymous_5)
FNDA:0,(anonymous_6)
DA:6,1
DA:7,0
DA:13,0
DA:14,0
DA:15,0
DA:16,0
DA:17,0
DA:19,0
DA:23,0
DA:26,0
DA:28,0
DA:29,0
DA:30,0
DA:31,0
DA:32,0
DA:40,0
DA:43,0
DA:74,0
DA:84,0
DA:85,0
LF:20
LH:1
BRDA:29,0,0,0
BRDA:29,0,1,0
BRDA:29,1,0,0
BRDA:29,1,1,0
BRDA:29,1,2,0
BRF:5
BRH:0
end_of_record
TN:
SF:src/components/ChartFilters.tsx
FN:18,(anonymous_0)
FN:37,(anonymous_1)
FN:42,(anonymous_2)
FN:71,(anonymous_3)
FN:82,(anonymous_4)
FNF:5
FNH:0
FNDA:0,(anonymous_0)
FNDA:0,(anonymous_1)
FNDA:0,(anonymous_2)
FNDA:0,(anonymous_3)
FNDA:0,(anonymous_4)
DA:18,1
DA:25,0
DA:33,0
DA:38,0
DA:42,0
DA:71,0
DA:82,0
LF:7
LH:1
BRDA:21,0,0,0
BRDA:44,1,0,0
BRDA:44,1,1,0
BRDA:56,2,0,0
BRDA:56,2,1,0
BRDA:70,3,0,0
BRDA:70,3,1,0
BRDA:71,4,0,0
BRDA:71,4,1,0
BRDA:81,5,0,0
BRDA:81,5,1,0
BRDA:82,6,0,0
BRDA:82,6,1,0
BRF:13
BRH:0
end_of_record
TN:
SF:src/components/DataCollectionStatus.tsx
FN:6,(anonymous_0)
FN:11,(anonymous_1)
FN:15,(anonymous_2)
FN:23,(anonymous_3)
FNF:4
FNH:0
FNDA:0,(anonymous_0)
FNDA:0,(anonymous_1)
FNDA:0,(anonymous_2)
FNDA:0,(anonymous_3)
DA:6,1
DA:7,0
DA:8,0
DA:9,0
DA:11,0
DA:12,0
DA:15,0
DA:16,0
DA:17,0
DA:19,0
DA:20,0
DA:23,0
DA:24,0
DA:25,0
DA:26,0
DA:27,0
DA:29,0
DA:31,0
DA:35,0
DA:36,0
DA:38,0
LF:21
LH:1
BRDA:36,0,0,0
BRDA:36,0,1,0
BRDA:54,1,0,0
BRDA:54,1,1,0
BRDA:55,2,0,0
BRDA:55,2,1,0
BRDA:75,3,0,0
BRDA:75,3,1,0
BRDA:78,4,0,0
BRDA:78,4,1,0
BRDA:88,5,0,0
BRDA:88,5,1,0
BRDA:91,6,0,0
BRDA:91,6,1,0
BRDA:96,7,0,0
BRDA:96,7,1,0
BRDA:114,8,0,0
BRDA:114,8,1,0
BRF:18
BRH:0
end_of_record
TN:
SF:src/components/EngagementChart.tsx
FN:8,(anonymous_0)
FN:20,(anonymous_1)
FN:21,(anonymous_2)
FN:36,(anonymous_3)
FNF:4
FNH:0
FNDA:0,(anonymous_0)
FNDA:0,(anonymous_1)
FNDA:0,(anonymous_2)
FNDA:0,(anonymous_3)
DA:8,1
DA:9,0
DA:17,0
DA:18,0
DA:20,0
DA:21,0
DA:22,0
DA:23,0
DA:24,0
DA:26,0
DA:27,0
DA:29,0
DA:33,0
DA:36,0
DA:38,0
DA:39,0
DA:42,0
LF:17
LH:1
BRDA:26,0,0,0
BRDA:26,0,1,0
BRF:2
BRH:0
end_of_record
TN:
SF:src/components/GrowthChart.tsx
FN:8,(anonymous_0)
FN:20,(anonymous_1)
FN:21,(anonymous_2)
FN:36,(anonymous_3)
FNF:4
FNH:0
FNDA:0,(anonymous_0)
FNDA:0,(anonymous_1)
FNDA:0,(anonymous_2)
FNDA:0,(anonymous_3)
DA:8,1
DA:9,0
DA:17,0
DA:18,0
DA:20,0
DA:21,0
DA:22,0
DA:23,0
DA:24,0
DA:26,0
DA:27,0
DA:29,0
DA:33,0
DA:36,0
DA:38,0
DA:39,0
DA:42,0
LF:17
LH:1
BRDA:26,0,0,0
BRDA:26,0,1,0
BRF:2
BRH:0
end_of_record
TN:
SF:src/components/Header.tsx
FN:5,(anonymous_0)
FNF:1
FNH:0
FNDA:0,(anonymous_0)
DA:5,1
DA:6,0
LF:2
LH:1
BRF:0
BRH:0
end_of_record
TN:
SF:src/components/InstagramConfigComponent.tsx
FN:11,(anonymous_0)
FN:24,(anonymous_1)
FN:32,(anonymous_2)
FN:37,(anonymous_3)
FN:53,(anonymous_4)
FN:61,(anonymous_5)
FN:74,(anonymous_6)
FN:87,(anonymous_7)
FN:116,(anonymous_8)
FN:216,(anonymous_9)
FN:253,(anonymous_10)
FNF:11
FNH:0
FNDA:0,(anonymous_0)
FNDA:0,(anonymous_1)
FNDA:0,(anonymous_2)
FNDA:0,(anonymous_3)
FNDA:0,(anonymous_4)
FNDA:0,(anonymous_5)
FNDA:0,(anonymous_6)
FNDA:0,(anonymous_7)
FNDA:0,(anonymous_8)
FNDA:0,(anonymous_9)
FNDA:0,(anonymous_10)
DA:11,1
DA:12,0
DA:20,0
DA:21,0
DA:22,0
DA:24,0
DA:25,0
DA:26,0
DA:27,0
DA:32,0
DA:33,0
DA:37,0
DA:39,0
DA:46,0
DA:47,0
DA:48,0
DA:49,0
DA:52,0
DA:53,0
DA:55,0
DA:61,0
DA:62,0
DA:63,0
DA:71,0
DA:74,0
DA:75,0
DA:76,0
DA:77,0
DA:79,0
DA:80,0
DA:81,0
DA:82,0
DA:83,0
DA:86,0
DA:87,0
DA:89,0
DA:91,0
DA:94,0
DA:97,0
DA:98,0
DA:99,0
DA:100,0
DA:101,0
DA:102,0
DA:103,0
DA:105,0
DA:108,0
DA:111,0
DA:116,0
DA:117,0
DA:118,0
DA:119,0
DA:121,0
DA:122,0
DA:124,0
DA:128,0
DA:216,0
DA:253,0
LF:58
LH:1
BRDA:80,0,0,0
BRDA:80,0,1,0
BRDA:97,1,0,0
BRDA:97,1,1,0
BRDA:98,2,0,0
BRDA:98,2,1,0
BRDA:100,3,0,0
BRDA:100,3,1,0
BRDA:102,4,0,0
BRDA:102,4,1,0
BRDA:121,5,0,0
BRDA:121,5,1,0
BRDA:121,6,0,0
BRDA:121,6,1,0
BRDA:131,7,0,0
BRDA:131,7,1,0
BRDA:162,8,0,0
BRDA:162,8,1,0
BRDA:199,9,0,0
BRDA:199,9,1,0
BRDA:207,10,0,0
BRDA:207,10,1,0
BRDA:233,11,0,0
BRDA:233,11,1,0
BRDA:250,12,0,0
BRDA:250,12,1,0
BRF:26
BRH:0
end_of_record
TN:
SF:src/components/InstagramStats.tsx
FN:9,(anonymous_0)
FN:17,(anonymous_1)
FN:22,(anonymous_2)
FN:40,(anonymous_3)
FN:54,(anonymous_4)
FN:63,(anonymous_5)
FN:71,(anonymous_6)
FN:296,(anonymous_7)
FN:325,(anonymous_8)
FNF:9
FNH:0
FNDA:0,(anonymous_0)
FNDA:0,(anonymous_1)
FNDA:0,(anonymous_2)
FNDA:0,(anonymous_3)
FNDA:0,(anonymous_4)
FNDA:0,(anonymous_5)
FNDA:0,(anonymous_6)
FNDA:0,(anonymous_7)
FNDA:0,(anonymous_8)
DA:9,1
DA:10,0
DA:11,0
DA:12,0
DA:13,0
DA:14,0
DA:15,0
DA:17,0
DA:18,0
DA:22,0
DA:23,0
DA:24,0
DA:29,0
DA:35,0
DA:36,0
DA:40,0
DA:41,0
DA:42,0
DA:43,0
DA:44,0
DA:45,0
DA:47,0
DA:48,0
DA:50,0
DA:54,0
DA:55,0
DA:56,0
DA:57,0
DA:58,0
DA:60,0
DA:63,0
DA:64,0
DA:71,0
DA:72,0
DA:74,0
DA:76,0
DA:78,0
DA:82,0
DA:83,0
DA:97,0
DA:98,0
DA:115,0
DA:116,0
DA:119,0
DA:121,0
DA:297,0
DA:325,0
LF:47
LH:1
BRDA:23,0,0,0
BRDA:23,0,1,0
BRDA:55,1,0,0
BRDA:55,1,1,0
BRDA:57,2,0,0
BRDA:57,2,1,0
BRDA:72,3,0,0
BRDA:72,3,1,0
BRDA:72,3,2,0
BRDA:82,4,0,0
BRDA:82,4,1,0
BRDA:97,5,0,0
BRDA:97,5,1,0
BRDA:115,6,0,0
BRDA:115,6,1,0
BRDA:124,7,0,0
BRDA:124,7,1,0
BRDA:153,8,0,0
BRDA:153,8,1,0
BRDA:161,9,0,0
BRDA:161,9,1,0
BRDA:308,10,0,0
BRDA:308,10,1,0
BRF:23
BRH:0
end_of_record
TN:
SF:src/components/PlatformStats.tsx
FN:12,(anonymous_0)
FN:73,(anonymous_1)
FN:96,(anonymous_2)
FNF:3
FNH:0
FNDA:0,(anonymous_0)
FNDA:0,(anonymous_1)
FNDA:0,(anonymous_2)
DA:12,0
DA:13,0
DA:14,0
DA:16,0
DA:70,0
DA:73,0
DA:74,0
DA:76,0
DA:77,0
DA:80,0
DA:97,0
LF:11
LH:0
BRDA:74,0,0,0
BRDA:74,0,1,0
BRDA:75,1,0,0
BRDA:75,1,1,0
BRDA:108,2,0,0
BRDA:108,2,1,0
BRF:6
BRH:0
end_of_record
TN:
SF:src/components/Settings.tsx
FN:11,(anonymous_0)
FN:22,(anonymous_1)
FN:40,(anonymous_2)
FN:63,(anonymous_3)
FN:218,(anonymous_4)
FN:221,(anonymous_5)
FNF:6
FNH:0
FNDA:0,(anonymous_0)
FNDA:0,(anonymous_1)
FNDA:0,(anonymous_2)
FNDA:0,(anonymous_3)
FNDA:0,(anonymous_4)
FNDA:0,(anonymous_5)
DA:11,1
DA:12,0
DA:14,0
DA:22,0
DA:23,0
DA:25,0
DA:42,0
DA:48,0
DA:65,0
DA:71,0
DA:138,0
DA:169,0
DA:200,0
DA:204,0
DA:219,0
DA:221,0
LF:16
LH:1
BRDA:23,0,0,0
BRDA:23,0,1,0
BRDA:23,0,2,0
BRDA:23,0,3,0
BRDA:23,0,4,0
BRDA:23,0,5,0
BRDA:223,1,0,0
BRDA:223,1,1,0
BRF:8
BRH:0
end_of_record
TN:
SF:src/components/StatsOverview.tsx
FN:16,(anonymous_0)
FN:38,(anonymous_1)
FN:53,(anonymous_2)
FN:91,(anonymous_3)
FN:183,(anonymous_4)
FN:215,(anonymous_5)
FN:224,(anonymous_6)
FN:237,(anonymous_7)
FN:257,(anonymous_8)
FNF:9
FNH:0
FNDA:0,(anonymous_0)
FNDA:0,(anonymous_1)
FNDA:0,(anonymous_2)
FNDA:0,(anonymous_3)
FNDA:0,(anonymous_4)
FNDA:0,(anonymous_5)
FNDA:0,(anonymous_6)
FNDA:0,(anonymous_7)
FNDA:0,(anonymous_8)
DA:16,1
DA:17,0
DA:38,1
DA:39,0
DA:46,0
DA:53,0
DA:55,0
DA:56,0
DA:58,0
DA:64,0
DA:65,0
DA:66,0
DA:67,0
DA:69,0
DA:71,0
DA:72,0
DA:73,0
DA:76,0
DA:78,0
DA:79,0
DA:80,0
DA:83,0
DA:91,0
DA:92,0
DA:93,0
DA:94,0
DA:95,0
DA:97,0
DA:100,0
DA:135,0
DA:164,0
DA:184,0
DA:216,0
DA:224,0
DA:237,0
DA:258,0
LF:36
LH:2
BRDA:27,0,0,0
BRDA:27,0,1,0
BRDA:55,1,0,0
BRDA:55,1,1,0
BRDA:69,2,0,0
BRDA:69,2,1,0
BRDA:76,3,0,0
BRDA:76,3,1,0
BRDA:92,4,0,0
BRDA:92,4,1,0
BRDA:94,5,0,0
BRDA:94,5,1,0
BRDA:199,6,0,0
BRDA:199,6,1,0
BRDA:213,7,0,0
BRDA:213,7,1,0
BRF:16
BRH:0
end_of_record
TN:
SF:src/components/ThreadsConfig.tsx
FN:11,(anonymous_0)
FN:18,(anonymous_1)
FN:26,(anonymous_2)
FN:40,(anonymous_3)
FN:43,(anonymous_4)
FN:93,(anonymous_5)
FNF:6
FNH:0
FNDA:0,(anonymous_0)
FNDA:0,(anonymous_1)
FNDA:0,(anonymous_2)
FNDA:0,(anonymous_3)
FNDA:0,(anonymous_4)
FNDA:0,(anonymous_5)
DA:11,0
DA:12,0
DA:15,0
DA:16,0
DA:18,0
DA:19,0
DA:20,0
DA:21,0
DA:22,0
DA:26,0
DA:27,0
DA:28,0
DA:29,0
DA:32,0
DA:33,0
DA:34,0
DA:36,0
DA:37,0
DA:40,0
DA:43,0
DA:44,0
DA:45,0
DA:46,0
DA:47,0
DA:50,0
DA:93,0
LF:26
LH:0
BRDA:20,0,0,0
BRDA:20,0,1,0
BRDA:27,1,0,0
BRDA:27,1,1,0
BRDA:36,2,0,0
BRDA:36,2,1,0
BRDA:53,3,0,0
BRDA:53,3,1,0
BRDA:55,4,0,0
BRDA:55,4,1,0
BRDA:61,5,0,0
BRDA:61,5,1,0
BRDA:62,6,0,0
BRDA:62,6,1,0
BRDA:64,7,0,0
BRDA:64,7,1,0
BRDA:65,8,0,0
BRDA:65,8,1,0
BRDA:121,9,0,0
BRDA:121,9,1,0
BRDA:123,10,0,0
BRDA:123,10,1,0
BRDA:136,11,0,0
BRDA:136,11,1,0
BRF:24
BRH:0
end_of_record
TN:
SF:src/components/ThreadsStats.tsx
FN:9,(anonymous_0)
FN:17,(anonymous_1)
FN:24,(anonymous_2)
FN:43,(anonymous_3)
FN:58,(anonymous_4)
FN:67,(anonymous_5)
FN:285,(anonymous_6)
FNF:7
FNH:0
FNDA:0,(anonymous_0)
FNDA:0,(anonymous_1)
FNDA:0,(anonymous_2)
FNDA:0,(anonymous_3)
FNDA:0,(anonymous_4)
FNDA:0,(anonymous_5)
FNDA:0,(anonymous_6)
DA:9,0
DA:10,0
DA:11,0
DA:12,0
DA:13,0
DA:14,0
DA:15,0
DA:17,0
DA:18,0
DA:20,0
DA:24,0
DA:25,0
DA:26,0
DA:32,0
DA:38,0
DA:39,0
DA:43,0
DA:44,0
DA:45,0
DA:47,0
DA:48,0
DA:49,0
DA:51,0
DA:52,0
DA:54,0
DA:58,0
DA:59,0
DA:60,0
DA:61,0
DA:62,0
DA:64,0
DA:67,0
DA:68,0
DA:76,0
DA:77,0
DA:87,0
DA:88,0
DA:101,0
DA:102,0
DA:105,0
DA:107,0
DA:286,0
LF:42
LH:0
BRDA:25,0,0,0
BRDA:25,0,1,0
BRDA:59,1,0,0
BRDA:59,1,1,0
BRDA:61,2,0,0
BRDA:61,2,1,0
BRDA:76,3,0,0
BRDA:76,3,1,0
BRDA:87,4,0,0
BRDA:87,4,1,0
BRDA:101,5,0,0
BRDA:101,5,1,0
BRDA:150,6,0,0
BRDA:150,6,1,0
BRDA:290,7,0,0
BRDA:290,7,1,0
BRDA:290,7,2,0
BRF:17
BRH:0
end_of_record
TN:
SF:src/components/YouTubeConfig.tsx
FN:11,(anonymous_0)
FN:14,(anonymous_1)
FN:34,(anonymous_2)
FN:50,(anonymous_3)
FN:53,(anonymous_4)
FN:54,(anonymous_5)
FN:82,(anonymous_6)
FN:98,(anonymous_7)
FN:113,(anonymous_8)
FN:132,(anonymous_9)
FN:138,(anonymous_10)
FNF:11
FNH:0
FNDA:0,(anonymous_0)
FNDA:0,(anonymous_1)
FNDA:0,(anonymous_2)
FNDA:0,(anonymous_3)
FNDA:0,(anonymous_4)
FNDA:0,(anonymous_5)
FNDA:0,(anonymous_6)
FNDA:0,(anonymous_7)
FNDA:0,(anonymous_8)
FNDA:0,(anonymous_9)
FNDA:0,(anonymous_10)
DA:11,1
DA:12,0
DA:13,0
DA:14,0
DA:16,0
DA:17,0
DA:18,0
DA:19,0
DA:26,0
DA:34,0
DA:36,0
DA:37,0
DA:38,0
DA:42,0
DA:44,0
DA:46,0
DA:49,0
DA:50,0
DA:53,0
DA:54,0
DA:57,0
DA:82,0
DA:98,0
DA:113,0
DA:132,0
DA:138,0
LF:26
LH:1
BRDA:17,0,0,0
BRDA:17,0,1,0
BRDA:20,1,0,0
BRDA:20,1,1,0
BRDA:21,2,0,0
BRDA:21,2,1,0
BRDA:22,3,0,0
BRDA:22,3,1,0
BRDA:23,4,0,0
BRDA:23,4,1,0
BRDA:36,5,0,0
BRDA:36,5,1,0
BRDA:36,6,0,0
BRDA:36,6,1,0
BRDA:36,6,2,0
BRDA:130,7,0,0
BRDA:130,7,1,0
BRDA:141,8,0,0
BRDA:141,8,1,0
BRDA:162,9,0,0
BRDA:162,9,1,0
BRF:21
BRH:0
end_of_record
TN:
SF:src/components/YouTubeStats.tsx
FN:10,(anonymous_0)
FN:30,(anonymous_1)
FN:37,(anonymous_2)
FN:38,(anonymous_3)
FN:46,(anonymous_4)
FN:47,(anonymous_5)
FN:57,(anonymous_6)
FN:61,(anonymous_7)
FN:79,(anonymous_8)
FN:93,(anonymous_9)
FN:102,(anonymous_10)
FN:117,(anonymous_11)
FN:235,(anonymous_12)
FN:245,(anonymous_13)
FN:387,(anonymous_14)
FNF:15
FNH:0
FNDA:0,(anonymous_0)
FNDA:0,(anonymous_1)
FNDA:0,(anonymous_2)
FNDA:0,(anonymous_3)
FNDA:0,(anonymous_4)
FNDA:0,(anonymous_5)
FNDA:0,(anonymous_6)
FNDA:0,(anonymous_7)
FNDA:0,(anonymous_8)
FNDA:0,(anonymous_9)
FNDA:0,(anonymous_10)
FNDA:0,(anonymous_11)
FNDA:0,(anonymous_12)
FNDA:0,(anonymous_13)
FNDA:0,(anonymous_14)
DA:10,1
DA:11,0
DA:12,0
DA:13,0
DA:14,0
DA:15,0
DA:16,0
DA:17,0
DA:30,0
DA:31,0
DA:33,0
DA:37,0
DA:38,0
DA:39,0
DA:40,0
DA:42,0
DA:46,0
DA:47,0
DA:48,0
DA:49,0
DA:50,0
DA:51,0
DA:52,0
DA:56,0
DA:57,0
DA:61,0
DA:62,0
DA:63,0
DA:68,0
DA:74,0
DA:75,0
DA:79,0
DA:80,0
DA:81,0
DA:82,0
DA:83,0
DA:84,0
DA:86,0
DA:87,0
DA:89,0
DA:93,0
DA:94,0
DA:95,0
DA:96,0
DA:97,0
DA:99,0
DA:102,0
DA:104,0
DA:105,0
DA:107,0
DA:108,0
DA:109,0
DA:111,0
DA:112,0
DA:114,0
DA:117,0
DA:118,0
DA:125,0
DA:126,0
DA:140,0
DA:141,0
DA:161,0
DA:164,0
DA:166,0
DA:167,0
DA:170,0
DA:172,0
DA:236,0
DA:237,0
DA:238,0
DA:246,0
DA:247,0
DA:388,0
LF:73
LH:1
BRDA:49,0,0,0
BRDA:49,0,1,0
BRDA:62,1,0,0
BRDA:62,1,1,0
BRDA:94,2,0,0
BRDA:94,2,1,0
BRDA:96,3,0,0
BRDA:96,3,1,0
BRDA:105,4,0,0
BRDA:105,4,1,0
BRDA:107,5,0,0
BRDA:107,5,1,0
BRDA:108,6,0,0
BRDA:108,6,1,0
BRDA:109,7,0,0
BRDA:109,7,1,0
BRDA:111,8,0,0
BRDA:111,8,1,0
BRDA:125,9,0,0
BRDA:125,9,1,0
BRDA:140,10,0,0
BRDA:140,10,1,0
BRDA:161,11,0,0
BRDA:161,11,1,0
BRDA:161,11,2,0
BRDA:166,12,0,0
BRDA:166,12,1,0
BRDA:175,13,0,0
BRDA:175,13,1,0
BRDA:175,13,2,0
BRDA:180,14,0,0
BRDA:180,14,1,0
BRDA:187,15,0,0
BRDA:187,15,1,0
BRDA:190,16,0,0
BRDA:190,16,1,0
BRDA:195,17,0,0
BRDA:195,17,1,0
BRDA:197,18,0,0
BRDA:197,18,1,0
BRDA:200,19,0,0
BRDA:200,19,1,0
BRDA:202,20,0,0
BRDA:202,20,1,0
BRDA:231,21,0,0
BRDA:231,21,1,0
BRDA:437,22,0,0
BRDA:437,22,1,0
BRDA:439,23,0,0
BRDA:439,23,1,0
BRDA:447,24,0,0
BRDA:447,24,1,0
BRDA:449,25,0,0
BRDA:449,25,1,0
BRDA:454,26,0,0
BRDA:454,26,1,0
BRDA:454,27,0,0
BRDA:454,27,1,0
BRDA:459,28,0,0
BRDA:459,28,1,0
BRDA:461,29,0,0
BRDA:461,29,1,0
BRDA:465,30,0,0
BRDA:465,30,1,0
BRDA:468,31,0,0
BRDA:468,31,1,0
BRDA:470,32,0,0
BRDA:470,32,1,0
BRDA:474,33,0,0
BRDA:474,33,1,0
BRDA:484,34,0,0
BRDA:484,34,1,0
BRDA:488,35,0,0
BRDA:488,35,1,0
BRDA:490,36,0,0
BRDA:490,36,1,0
BRDA:490,36,2,0
BRDA:490,36,3,0
BRF:78
BRH:0
end_of_record
TN:
SF:src/config/youtube.ts
FN:27,(anonymous_0)
FNF:1
FNH:0
FNDA:0,(anonymous_0)
DA:9,1
DA:17,1
DA:19,1
DA:27,1
DA:28,0
DA:32,0
LF:6
LH:4
BRDA:30,0,0,0
BRDA:30,0,1,0
BRF:2
BRH:0
end_of_record
TN:
SF:src/services/dataCollectionService.ts
FN:21,(anonymous_0)
FN:35,(anonymous_1)
FN:52,(anonymous_2)
FN:71,(anonymous_3)
FN:84,(anonymous_4)
FN:89,(anonymous_5)
FN:92,(anonymous_6)
FN:96,(anonymous_7)
FN:103,(anonymous_8)
FN:120,(anonymous_9)
FN:124,(anonymous_10)
FN:128,(anonymous_11)
FN:135,(anonymous_12)
FNF:13
FNH:0
FNDA:0,(anonymous_0)
FNDA:0,(anonymous_1)
FNDA:0,(anonymous_2)
FNDA:0,(anonymous_3)
FNDA:0,(anonymous_4)
FNDA:0,(anonymous_5)
FNDA:0,(anonymous_6)
FNDA:0,(anonymous_7)
FNDA:0,(anonymous_8)
FNDA:0,(anonymous_9)
FNDA:0,(anonymous_10)
FNDA:0,(anonymous_11)
FNDA:0,(anonymous_12)
DA:17,1
DA:18,1
DA:22,0
DA:23,0
DA:25,0
DA:26,0
DA:29,0
DA:36,0
DA:37,0
DA:39,0
DA:48,0
DA:51,0
DA:52,0
DA:55,0
DA:56,0
DA:57,0
DA:60,0
DA:61,0
DA:63,0
DA:66,0
DA:72,0
DA:73,0
DA:74,0
DA:77,0
DA:85,0
DA:86,0
DA:87,0
DA:89,0
DA:90,0
DA:91,0
DA:92,0
DA:97,0
DA:98,0
DA:99,0
DA:101,0
DA:103,0
DA:104,0
DA:105,0
DA:106,0
DA:108,0
DA:109,0
DA:112,0
DA:113,0
DA:114,0
DA:115,0
DA:120,0
DA:124,0
DA:129,0
DA:130,0
DA:136,0
DA:137,0
DA:141,1
LF:52
LH:3
BRDA:23,0,0,0
BRDA:23,0,1,0
BRDA:29,1,0,0
BRDA:29,1,1,0
BRDA:29,1,2,0
BRDA:55,2,0,0
BRDA:55,2,1,0
BRDA:73,3,0,0
BRDA:73,3,1,0
BRDA:105,4,0,0
BRDA:105,4,1,0
BRDA:108,5,0,0
BRDA:108,5,1,0
BRDA:129,6,0,0
BRDA:129,6,1,0
BRF:15
BRH:0
end_of_record
TN:
SF:src/services/instagramService.ts
FN:43,(anonymous_0)
FN:60,(anonymous_1)
FN:65,(anonymous_2)
FN:70,(anonymous_3)
FN:82,(anonymous_4)
FN:87,(anonymous_5)
FN:144,(anonymous_6)
FN:162,(anonymous_7)
FN:167,(anonymous_8)
FN:187,(anonymous_9)
FN:252,(anonymous_10)
FN:260,(anonymous_11)
FN:265,(anonymous_12)
FN:279,(anonymous_13)
FNF:14
FNH:1
FNDA:1,(anonymous_0)
FNDA:0,(anonymous_1)
FNDA:0,(anonymous_2)
FNDA:0,(anonymous_3)
FNDA:0,(anonymous_4)
FNDA:0,(anonymous_5)
FNDA:0,(anonymous_6)
FNDA:0,(anonymous_7)
FNDA:0,(anonymous_8)
FNDA:0,(anonymous_9)
FNDA:0,(anonymous_10)
FNDA:0,(anonymous_11)
FNDA:0,(anonymous_12)
FNDA:0,(anonymous_13)
DA:40,1
DA:41,1
DA:45,1
DA:46,1
DA:47,0
DA:49,1
DA:61,0
DA:62,0
DA:66,0
DA:71,0
DA:79,0
DA:83,0
DA:88,0
DA:89,0
DA:91,0
DA:105,0
DA:106,0
DA:107,0
DA:110,0
DA:111,0
DA:112,0
DA:113,0
DA:114,0
DA:115,0
DA:116,0
DA:121,0
DA:124,0
DA:127,0
DA:128,0
DA:130,0
DA:131,0
DA:134,0
DA:136,0
DA:137,0
DA:139,0
DA:140,0
DA:145,0
DA:147,0
DA:148,0
DA:152,0
DA:153,0
DA:154,0
DA:157,0
DA:163,0
DA:168,0
DA:169,0
DA:174,0
DA:183,0
DA:188,0
DA:189,0
DA:194,0
DA:248,0
DA:253,0
DA:259,0
DA:260,0
DA:265,0
DA:270,0
DA:280,0
DA:281,0
DA:282,0
DA:283,0
DA:287,1
LF:62
LH:6
BRDA:46,0,0,0
BRDA:46,0,1,1
BRDA:105,1,0,0
BRDA:105,1,1,0
BRDA:113,2,0,0
BRDA:113,2,1,0
BRDA:115,3,0,0
BRDA:115,3,1,0
BRDA:145,4,0,0
BRDA:145,4,1,0
BRDA:152,5,0,0
BRDA:152,5,1,0
BRDA:163,6,0,0
BRDA:163,6,1,0
BRDA:168,7,0,0
BRDA:168,7,1,0
BRDA:187,8,0,0
BRDA:188,9,0,0
BRDA:188,9,1,0
BRF:19
BRH:1
end_of_record
TN:
SF:src/services/overviewService.ts
FN:10,(anonymous_0)
FN:16,(anonymous_1)
FN:35,(anonymous_2)
FN:43,(anonymous_3)
FN:74,(anonymous_4)
FN:80,(anonymous_5)
FNF:6
FNH:0
FNDA:0,(anonymous_0)
FNDA:0,(anonymous_1)
FNDA:0,(anonymous_2)
FNDA:0,(anonymous_3)
FNDA:0,(anonymous_4)
FNDA:0,(anonymous_5)
DA:11,0
DA:13,0
DA:16,0
DA:17,0
DA:21,0
DA:24,0
DA:25,0
DA:26,0
DA:27,0
DA:28,0
DA:32,0
DA:35,0
DA:43,0
DA:51,0
DA:57,0
DA:63,0
DA:66,0
DA:67,0
DA:68,0
DA:69,0
DA:70,0
DA:73,0
DA:74,0
DA:80,0
DA:96,1
LF:25
LH:1
BRF:0
BRH:0
end_of_record
TN:
SF:src/services/threadsService.ts
FN:44,(anonymous_0)
FN:52,(anonymous_1)
FN:57,(anonymous_2)
FN:62,(anonymous_3)
FN:82,(anonymous_4)
FN:102,(anonymous_5)
FN:159,(anonymous_6)
FN:183,(anonymous_7)
FN:207,(anonymous_8)
FN:224,(anonymous_9)
FN:229,(anonymous_10)
FN:240,(anonymous_11)
FNF:12
FNH:0
FNDA:0,(anonymous_0)
FNDA:0,(anonymous_1)
FNDA:0,(anonymous_2)
FNDA:0,(anonymous_3)
FNDA:0,(anonymous_4)
FNDA:0,(anonymous_5)
FNDA:0,(anonymous_6)
FNDA:0,(anonymous_7)
FNDA:0,(anonymous_8)
FNDA:0,(anonymous_9)
FNDA:0,(anonymous_10)
FNDA:0,(anonymous_11)
DA:42,0
DA:46,0
DA:47,0
DA:48,0
DA:53,0
DA:54,0
DA:58,0
DA:63,0
DA:65,0
DA:81,0
DA:82,0
DA:83,0
DA:84,0
DA:87,0
DA:103,0
DA:155,0
DA:160,0
DA:161,0
DA:163,0
DA:164,0
DA:165,0
DA:168,0
DA:169,0
DA:170,0
DA:172,0
DA:179,0
DA:184,0
DA:185,0
DA:187,0
DA:188,0
DA:189,0
DA:192,0
DA:193,0
DA:194,0
DA:196,0
DA:203,0
DA:208,0
DA:215,0
DA:225,0
DA:230,0
DA:232,0
DA:233,0
DA:236,0
DA:237,0
DA:240,0
DA:242,0
DA:243,0
DA:249,0
DA:250,0
DA:255,0
LF:50
LH:0
BRDA:47,0,0,0
BRDA:47,0,1,0
BRDA:63,1,0,0
BRDA:63,1,1,0
BRDA:102,2,0,0
BRDA:159,3,0,0
BRDA:183,4,0,0
BRDA:230,5,0,0
BRDA:230,5,1,0
BRDA:237,6,0,0
BRDA:237,6,1,0
BRDA:242,7,0,0
BRDA:242,7,1,0
BRF:13
BRH:0
end_of_record
TN:
SF:src/services/youtubeService.ts
FN:42,(anonymous_0)
FN:72,(anonymous_1)
FN:89,(anonymous_2)
FN:98,(anonymous_3)
FN:108,(anonymous_4)
FN:112,(anonymous_5)
FN:131,(anonymous_6)
FN:172,(anonymous_7)
FN:179,(anonymous_8)
FN:184,(anonymous_9)
FN:189,(anonymous_10)
FN:210,(anonymous_11)
FN:252,(anonymous_12)
FN:315,(anonymous_13)
FN:338,(anonymous_14)
FN:440,(anonymous_15)
FN:525,(anonymous_16)
FN:530,(anonymous_17)
FN:553,(anonymous_18)
FN:563,(anonymous_19)
FN:621,(anonymous_20)
FN:643,(anonymous_21)
FN:648,(anonymous_22)
FNF:23
FNH:3
FNDA:1,(anonymous_0)
FNDA:1,(anonymous_1)
FNDA:0,(anonymous_2)
FNDA:1,(anonymous_3)
FNDA:0,(anonymous_4)
FNDA:0,(anonymous_5)
FNDA:0,(anonymous_6)
FNDA:0,(anonymous_7)
FNDA:0,(anonymous_8)
FNDA:0,(anonymous_9)
FNDA:0,(anonymous_10)
FNDA:0,(anonymous_11)
FNDA:0,(anonymous_12)
FNDA:0,(anonymous_13)
FNDA:0,(anonymous_14)
FNDA:0,(anonymous_15)
FNDA:0,(anonymous_16)
FNDA:0,(anonymous_17)
FNDA:0,(anonymous_18)
FNDA:0,(anonymous_19)
FNDA:0,(anonymous_20)
FNDA:0,(anonymous_21)
FNDA:0,(anonymous_22)
DA:32,1
DA:33,1
DA:34,1
DA:35,1
DA:40,1
DA:44,1
DA:45,1
DA:46,1
DA:47,0
DA:48,0
DA:54,0
DA:56,1
DA:62,1
DA:66,1
DA:69,1
DA:73,1
DA:74,1
DA:76,1
DA:77,0
DA:78,0
DA:79,0
DA:80,0
DA:83,0
DA:84,0
DA:90,0
DA:95,0
DA:99,1
DA:100,1
DA:101,0
DA:102,0
DA:104,1
DA:109,0
DA:113,0
DA:116,0
DA:117,0
DA:118,0
DA:122,0
DA:123,0
DA:124,0
DA:127,0
DA:132,0
DA:133,0
DA:137,0
DA:138,0
DA:139,0
DA:140,0
DA:141,0
DA:145,0
DA:146,0
DA:147,0
DA:148,0
DA:151,0
DA:152,0
DA:157,0
DA:158,0
DA:160,0
DA:161,0
DA:162,0
DA:165,0
DA:167,0
DA:168,0
DA:173,0
DA:174,0
DA:175,0
DA:176,0
DA:180,0
DA:181,0
DA:185,0
DA:190,0
DA:191,0
DA:192,0
DA:194,0
DA:195,0
DA:196,0
DA:197,0
DA:198,0
DA:199,0
DA:201,0
DA:211,0
DA:220,0
DA:243,0
DA:244,0
DA:245,0
DA:246,0
DA:248,0
DA:249,0
DA:254,0
DA:257,0
DA:258,0
DA:272,0
DA:273,0
DA:274,0
DA:277,0
DA:278,0
DA:281,0
DA:282,0
DA:285,0
DA:286,0
DA:288,0
DA:289,0
DA:290,0
DA:291,0
DA:292,0
DA:293,0
DA:294,0
DA:295,0
DA:296,0
DA:299,0
DA:316,0
DA:317,0
DA:318,0
DA:320,0
DA:321,0
DA:322,0
DA:324,0
DA:325,0
DA:326,0
DA:327,0
DA:329,0
DA:333,0
DA:334,0
DA:335,0
DA:339,0
DA:340,0
DA:343,0
DA:344,0
DA:345,0
DA:356,0
DA:357,0
DA:358,0
DA:360,0
DA:361,0
DA:362,0
DA:366,0
DA:367,0
DA:370,0
DA:371,0
DA:372,0
DA:376,0
DA:377,0
DA:388,0
DA:389,0
DA:394,0
DA:395,0
DA:397,0
DA:398,0
DA:399,0
DA:409,0
DA:410,0
DA:411,0
DA:412,0
DA:414,0
DA:417,0
DA:419,0
DA:422,0
DA:423,0
DA:424,0
DA:428,0
DA:429,0
DA:442,0
DA:443,0
DA:468,0
DA:469,0
DA:470,0
DA:471,0
DA:472,0
DA:476,0
DA:477,0
DA:480,0
DA:481,0
DA:482,0
DA:486,0
DA:487,0
DA:511,0
DA:513,0
DA:521,0
DA:522,0
DA:524,0
DA:525,0
DA:528,0
DA:529,0
DA:530,0
DA:543,0
DA:548,0
DA:549,0
DA:550,0
DA:552,0
DA:553,0
DA:554,0
DA:563,0
DA:564,0
DA:571,0
DA:584,0
DA:585,0
DA:586,0
DA:588,0
DA:591,0
DA:593,0
DA:596,0
DA:622,0
DA:628,0
DA:629,0
DA:632,0
DA:633,0
DA:634,0
DA:635,0
DA:636,0
DA:640,0
DA:643,0
DA:648,0
DA:653,0
DA:662,1
LF:212
LH:19
BRDA:46,0,0,0
BRDA:46,0,1,1
BRDA:49,1,0,0
BRDA:49,1,1,0
BRDA:50,2,0,0
BRDA:50,2,1,0
BRDA:51,3,0,0
BRDA:51,3,1,0
BRDA:52,4,0,0
BRDA:52,4,1,0
BRDA:76,5,0,0
BRDA:76,5,1,1
BRDA:78,6,0,0
BRDA:78,6,1,0
BRDA:79,7,0,0
BRDA:79,7,1,0
BRDA:80,8,0,0
BRDA:80,8,1,0
BRDA:100,9,0,0
BRDA:100,9,1,1
BRDA:116,10,0,0
BRDA:116,10,1,0
BRDA:122,11,0,0
BRDA:122,11,1,0
BRDA:132,12,0,0
BRDA:132,12,1,0
BRDA:132,13,0,0
BRDA:132,13,1,0
BRDA:139,14,0,0
BRDA:139,14,1,0
BRDA:139,15,0,0
BRDA:139,15,1,0
BRDA:146,16,0,0
BRDA:146,16,1,0
BRDA:160,17,0,0
BRDA:160,17,1,0
BRDA:202,18,0,0
BRDA:202,18,1,0
BRDA:203,19,0,0
BRDA:203,19,1,0
BRDA:204,20,0,0
BRDA:204,20,1,0
BRDA:215,21,0,0
BRDA:215,21,1,0
BRDA:216,22,0,0
BRDA:216,22,1,0
BRDA:217,23,0,0
BRDA:217,23,1,0
BRDA:254,24,0,0
BRDA:254,24,1,0
BRDA:257,25,0,0
BRDA:257,25,1,0
BRDA:274,26,0,0
BRDA:274,26,1,0
BRDA:288,27,0,0
BRDA:288,27,1,0
BRDA:291,28,0,0
BRDA:291,28,1,0
BRDA:294,29,0,0
BRDA:294,29,1,0
BRDA:305,30,0,0
BRDA:305,30,1,0
BRDA:306,31,0,0
BRDA:306,31,1,0
BRDA:307,32,0,0
BRDA:307,32,1,0
BRDA:308,33,0,0
BRDA:308,33,1,0
BRDA:320,34,0,0
BRDA:320,34,1,0
BRDA:324,35,0,0
BRDA:324,35,1,0
BRDA:326,36,0,0
BRDA:326,36,1,0
BRDA:343,37,0,0
BRDA:343,37,1,0
BRDA:343,38,0,0
BRDA:343,38,1,0
BRDA:349,39,0,0
BRDA:349,39,1,0
BRDA:350,40,0,0
BRDA:350,40,1,0
BRDA:351,41,0,0
BRDA:351,41,1,0
BRDA:357,42,0,0
BRDA:357,42,1,0
BRDA:360,43,0,0
BRDA:360,43,1,0
BRDA:360,44,0,0
BRDA:360,44,1,0
BRDA:366,45,0,0
BRDA:366,45,1,0
BRDA:370,46,0,0
BRDA:370,46,1,0
BRDA:381,47,0,0
BRDA:381,47,1,0
BRDA:382,48,0,0
BRDA:382,48,1,0
BRDA:383,49,0,0
BRDA:383,49,1,0
BRDA:397,50,0,0
BRDA:397,50,1,0
BRDA:397,51,0,0
BRDA:397,51,1,0
BRDA:400,52,0,0
BRDA:400,52,1,0
BRDA:401,53,0,0
BRDA:401,53,1,0
BRDA:402,54,0,0
BRDA:402,54,1,0
BRDA:422,55,0,0
BRDA:422,55,1,0
BRDA:433,56,0,0
BRDA:433,56,1,0
BRDA:434,57,0,0
BRDA:434,57,1,0
BRDA:435,58,0,0
BRDA:435,58,1,0
BRDA:440,59,0,0
BRDA:442,60,0,0
BRDA:442,60,1,0
BRDA:442,61,0,0
BRDA:442,61,1,0
BRDA:470,62,0,0
BRDA:470,62,1,0
BRDA:470,63,0,0
BRDA:470,63,1,0
BRDA:476,64,0,0
BRDA:476,64,1,0
BRDA:480,65,0,0
BRDA:480,65,1,0
BRDA:524,66,0,0
BRDA:524,66,1,0
BRDA:528,67,0,0
BRDA:528,67,1,0
BRDA:552,68,0,0
BRDA:552,68,1,0
BRDA:555,69,0,0
BRDA:555,69,1,0
BRDA:556,70,0,0
BRDA:556,70,1,0
BRDA:557,71,0,0
BRDA:557,71,1,0
BRDA:564,72,0,0
BRDA:564,72,1,0
BRF:145
BRH:3
end_of_record
TN:
SF:src/utils/chartDataUtils.ts
FN:17,(anonymous_0)
FN:35,(anonymous_1)
FN:59,(anonymous_2)
FN:72,(anonymous_3)
FN:94,(anonymous_4)
FN:116,(anonymous_5)
FN:140,(anonymous_6)
FN:152,(anonymous_7)
FN:186,(anonymous_8)
FNF:9
FNH:0
FNDA:0,(anonymous_0)
FNDA:0,(anonymous_1)
FNDA:0,(anonymous_2)
FNDA:0,(anonymous_3)
FNDA:0,(anonymous_4)
FNDA:0,(anonymous_5)
FNDA:0,(anonymous_6)
FNDA:0,(anonymous_7)
FNDA:0,(anonymous_8)
DA:17,1
DA:23,0
DA:24,0
DA:29,0
DA:32,0
DA:33,0
DA:35,0
DA:42,0
DA:43,0
DA:44,0
DA:51,0
DA:55,0
DA:56,0
DA:58,0
DA:59,0
DA:60,0
DA:61,0
DA:62,0
DA:64,0
DA:65,0
DA:67,0
DA:68,0
DA:69,0
DA:72,0
DA:79,0
DA:80,0
DA:81,0
DA:88,0
DA:92,0
DA:93,0
DA:94,0
DA:101,0
DA:102,0
DA:103,0
DA:110,0
DA:114,0
DA:115,0
DA:116,0
DA:123,0
DA:124,0
DA:125,0
DA:132,0
DA:136,0
DA:137,0
DA:139,0
DA:140,0
DA:141,0
DA:142,0
DA:143,0
DA:145,0
DA:146,0
DA:148,0
DA:149,0
DA:152,0
DA:159,0
DA:160,0
DA:161,0
DA:168,0
DA:172,0
DA:173,0
DA:174,0
DA:180,0
DA:183,0
DA:186,1
DA:192,0
DA:193,0
DA:195,0
DA:198,0
DA:199,0
DA:200,0
DA:207,0
DA:211,0
DA:212,0
DA:219,0
DA:223,0
DA:224,0
DA:225,0
DA:232,0
DA:236,0
DA:237,0
DA:238,0
DA:245,0
DA:249,0
DA:250,0
DA:257,0
DA:261,0
DA:262,0
DA:263,0
DA:270,0
DA:273,0
LF:90
LH:2
BRDA:21,0,0,0
BRDA:29,1,0,0
BRDA:29,1,1,0
BRDA:29,1,2,0
BRDA:29,1,3,0
BRDA:29,1,4,0
BRDA:29,1,5,0
BRDA:33,2,0,0
BRDA:33,2,1,0
BRDA:37,3,0,0
BRDA:37,3,1,0
BRDA:56,4,0,0
BRDA:56,4,1,0
BRDA:64,5,0,0
BRDA:64,5,1,0
BRDA:74,6,0,0
BRDA:74,6,1,0
BRDA:93,7,0,0
BRDA:93,7,1,0
BRDA:115,8,0,0
BRDA:115,8,1,0
BRDA:137,9,0,0
BRDA:137,9,1,0
BRDA:145,10,0,0
BRDA:145,10,1,0
BRDA:189,11,0,0
BRDA:190,12,0,0
BRDA:195,13,0,0
BRDA:195,13,1,0
BRDA:195,13,2,0
BRDA:195,13,3,0
BRDA:195,13,4,0
BRDA:195,13,5,0
BRF:33
BRH:0
end_of_record
